dh_installdocs
dh_installchangelogs
dh_fixperms
dh_compress
dh_shlibdeps
dh_installdocs
dh_installchangelogs
dh_fixperms
dh_compress
dh_shlibdeps
dh_installdocs
dh_installchangelogs
dh_fixperms
dh_compress
dh_shlibdeps
dh_installdocs
dh_installchangelogs
dh_fixperms
dh_compress
dh_shlibdeps
dh_installdocs
dh_installchangelogs
dh_fixperms
dh_compress
dh_shlibdeps
dh_installdocs
dh_installchangelogs
dh_fixperms
dh_compress
dh_shlibdeps
dh_installdocs
dh_installchangelogs
dh_fixperms
dh_compress
dh_shlibdeps
dh_installdocs
dh_installchangelogs
dh_fixperms
dh_compress
dh_shlibdeps
dh_installdocs
dh_installchangelogs
dh_fixperms
dh_compress
dh_shlibdeps
dh_installdocs
dh_installchangelogs
dh_fixperms
dh_compress
dh_shlibdeps
dh_installdocs
dh_installchangelogs
dh_fixperms
dh_compress
dh_shlibdeps
dh_installdocs
dh_installchangelogs
dh_fixperms
dh_compress
dh_shlibdeps
dh_installdocs
dh_installchangelogs
dh_fixperms
dh_compress
dh_shlibdeps
dh_installdocs
dh_installchangelogs
dh_fixperms
dh_compress
dh_shlibdeps
dh_installdocs
dh_installchangelogs
dh_fixperms
dh_compress
dh_shlibdeps
dh_installdocs
dh_installchangelogs
dh_fixperms
dh_compress
