dpkg-buildpackage: export CFLAGS from dpkg-buildflags (origin: vendor): -g -O2
dpkg-buildpackage: export CPPFLAGS from dpkg-buildflags (origin: vendor): 
dpkg-buildpackage: export CXXFLAGS from dpkg-buildflags (origin: vendor): -g -O2
dpkg-buildpackage: export FFLAGS from dpkg-buildflags (origin: vendor): -g -O2
dpkg-buildpackage: export LDFLAGS from dpkg-buildflags (origin: vendor): 
dpkg-buildpackage: source package gawk
dpkg-buildpackage: source version 1:3.1.6.dfsg-0nexenta2
dpkg-buildpackage: source changed by Nexenta Systems <maintainer@nexenta.com>
 dpkg-source --before-build gawk-3.1.6.dfsg
dpkg-buildpackage: host architecture solaris-i386
 debian/rules clean
dpatch  deapply-all  
reverting patch 18_de.po-typos from ./ ... ok.
rm -rf patch-stamp patch-stampT debian/patched
test -f awk.h -a -f debian/rules
rm -f build awkgram.c
/usr/bin/make distclean || /usr/bin/make -f Makefile.in distclean
make[1]: Entering directory `/usr/share/src/gawk/gawk-3.1.6.dfsg'
Making distclean in test
make[2]: Entering directory `/usr/share/src/gawk/gawk-3.1.6.dfsg/test'
test -z "core core.* fmtspcl.ok" || rm -f core core.* fmtspcl.ok
test -z "" || rm -f 
rm -f Makefile
make[2]: Leaving directory `/usr/share/src/gawk/gawk-3.1.6.dfsg/test'
Making distclean in po
make[2]: Entering directory `/usr/share/src/gawk/gawk-3.1.6.dfsg/po'
rm -f *.insert-header
rm -f remove-potcdate.sed
rm -f stamp-poT
rm -f core core.* gawk.po gawk.1po gawk.2po *.new.po
rm -fr *.o
rm -f Makefile Makefile.in POTFILES *.mo
make[2]: Leaving directory `/usr/share/src/gawk/gawk-3.1.6.dfsg/po'
Making distclean in doc
make[2]: Entering directory `/usr/share/src/gawk/gawk-3.1.6.dfsg/doc'
test -z "*.ps *.html *.dvi *~ awkcard.nc awkcard.tr gawk.pdf gawkinet.pdf" || rm -f *.ps *.html *.dvi *~ awkcard.nc awkcard.tr gawk.pdf gawkinet.pdf
rm -rf gawk.aux gawk.cp gawk.cps gawk.fn gawk.ky gawk.kys gawk.log gawk.pg \
	  gawk.pgs gawk.tmp gawk.toc gawk.tp gawk.tps gawk.vr gawk.dvi \
	  gawk.pdf gawk.ps gawk.html gawkinet.aux gawkinet.cp \
	  gawkinet.cps gawkinet.fn gawkinet.ky gawkinet.kys \
	  gawkinet.log gawkinet.pg gawkinet.pgs gawkinet.tmp \
	  gawkinet.toc gawkinet.tp gawkinet.tps gawkinet.vr \
	  gawkinet.dvi gawkinet.pdf gawkinet.ps gawkinet.html
test -z "" || rm -f 
rm -f Makefile
make[2]: Leaving directory `/usr/share/src/gawk/gawk-3.1.6.dfsg/doc'
Making distclean in awklib
make[2]: Entering directory `/usr/share/src/gawk/gawk-3.1.6.dfsg/awklib'
rm -f passwd.awk group.awk igawk *.exe
rm -fr eg.old
test -z "pwcat grcat" || rm -f pwcat grcat
rm -f *.o
rm -f *.tab.c
test -z "" || rm -f 
rm -f TAGS ID GTAGS GRTAGS GSYMS GPATH tags
rm -rf ./.deps
rm -f Makefile
make[2]: Leaving directory `/usr/share/src/gawk/gawk-3.1.6.dfsg/awklib'
Making distclean in .
make[2]: Entering directory `/usr/share/src/gawk/gawk-3.1.6.dfsg'
test -z "gawk pgawk" || rm -f gawk pgawk
test -z "core core.*" || rm -f core core.*
rm -f *.o
rm -f *.tab.c
test -z "" || rm -f 
rm -f config.h stamp-h1
rm -f TAGS ID GTAGS GRTAGS GSYMS GPATH tags
make[2]: Leaving directory `/usr/share/src/gawk/gawk-3.1.6.dfsg'
rm -f config.status config.cache config.log configure.lineno config.status.lineno
rm -rf ./.deps
rm -f Makefile
make[1]: Leaving directory `/usr/share/src/gawk/gawk-3.1.6.dfsg'
find . -name \*~ | xargs rm -vf
rm -rf debian/patched debian/tmp debian/files* debian/substvars config.log config.cache stamp-h .deps
 dpkg-source -b gawk-3.1.6.dfsg
dpkg-source: warning: no source format specified in debian/source/format, see dpkg-source(1)
dpkg-source: info: using source format `1.0'
dpkg-source: info: building gawk using existing gawk_3.1.6.dfsg.orig.tar.gz
dpkg-source: info: building gawk in gawk_3.1.6.dfsg-0nexenta2.diff.gz
dpkg-source: warning: newly created empty file 'doc/gawkinet.info' will not be represented in diff
dpkg-source: warning: newly created empty file 'doc/gawkinet.texi' will not be represented in diff
dpkg-source: warning: newly created empty file 'doc/gawk.info' will not be represented in diff
dpkg-source: warning: newly created empty file 'doc/gawk.texi' will not be represented in diff
