dpkg-buildpackage: export CFLAGS from dpkg-buildflags (origin: vendor): -g -O2
dpkg-buildpackage: export CPPFLAGS from dpkg-buildflags (origin: vendor): 
dpkg-buildpackage: export CXXFLAGS from dpkg-buildflags (origin: vendor): -g -O2
dpkg-buildpackage: export FFLAGS from dpkg-buildflags (origin: vendor): -g -O2
dpkg-buildpackage: export LDFLAGS from dpkg-buildflags (origin: vendor): 
dpkg-buildpackage: source package apt
dpkg-buildpackage: source version 0.8.0nexenta5
dpkg-buildpackage: source changed by Igor Kozhukhov <igor.kozhukhov@nexenta.com>
 dpkg-source --before-build apt-0.8.0
dpkg-buildpackage: host architecture solaris-i386
 debian/rules clean
dh_testdir
[ ! -f Makefile ] || /usr/bin/make clean distclean
make[1]: Entering directory `/myshare/nexenta/src/deb_src/apt/apt-0.8.0'
make[2]: Entering directory `/myshare/nexenta/src/deb_src/apt/apt-0.8.0/apt-pkg'
Clean done for apt-pkg
make[2]: Leaving directory `/myshare/nexenta/src/deb_src/apt/apt-0.8.0/apt-pkg'
make[2]: Entering directory `/myshare/nexenta/src/deb_src/apt/apt-0.8.0/apt-inst'
Clean done for apt-inst
make[2]: Leaving directory `/myshare/nexenta/src/deb_src/apt/apt-0.8.0/apt-inst'
make[2]: Entering directory `/myshare/nexenta/src/deb_src/apt/apt-0.8.0/methods'
Clean done for methods
make[2]: Leaving directory `/myshare/nexenta/src/deb_src/apt/apt-0.8.0/methods'
make[2]: Entering directory `/myshare/nexenta/src/deb_src/apt/apt-0.8.0/cmdline'
Clean done for cmdline
make[2]: Leaving directory `/myshare/nexenta/src/deb_src/apt/apt-0.8.0/cmdline'
make[2]: Entering directory `/myshare/nexenta/src/deb_src/apt/apt-0.8.0/ftparchive'
Clean done for ftparchive
make[2]: Leaving directory `/myshare/nexenta/src/deb_src/apt/apt-0.8.0/ftparchive'
make[2]: Entering directory `/myshare/nexenta/src/deb_src/apt/apt-0.8.0/dselect'
Clean done for dselect
make[2]: Leaving directory `/myshare/nexenta/src/deb_src/apt/apt-0.8.0/dselect'
make[2]: Entering directory `/myshare/nexenta/src/deb_src/apt/apt-0.8.0/doc'
Clean done for doc
make[2]: Leaving directory `/myshare/nexenta/src/deb_src/apt/apt-0.8.0/doc'
make[2]: Entering directory `/myshare/nexenta/src/deb_src/apt/apt-0.8.0/po'
Generating POT file ../build/po/apt.pot Generating POT file ../build/po/libapt-inst1.2.pot Generating POT file ../build/po/libapt-pkg4.10.pot Updating ar.po
............................................................. done.
ar.new.po ar.po differ: char 242, line 9
Updating ast.po
.................................................................................... done.
ast.new.po ast.po differ: char 114, line 5
Updating bg.po
.............................................................. done.
bg.new.po bg.po differ: char 407, line 12
Updating bs.po
.............................................................. done.
bs.new.po bs.po differ: char 242, line 9
Updating ca.po
................................................................. done.
ca.new.po ca.po differ: char 405, line 11
Updating cs.po
............................................................. done.
cs.new.po cs.po differ: char 225, line 10
Updating cy.po
............................................................... done.
cy.new.po cy.po differ: char 240, line 9
Updating da.po
............................................................. done.
da.new.po da.po differ: char 391, line 12
Updating de.po
.............................................................. done.
de.new.po de.po differ: char 469, line 13
Updating dz.po
.............................................................. done.
dz.new.po dz.po differ: char 221, line 9
Updating el.po
............................................................. done.
el.new.po el.po differ: char 666, line 18
Updating en_GB.po
.............................................................. done.
en_GB.new.po en_GB.po differ: char 274, line 10
Updating es.po
.............................................................. done.
es.new.po es.po differ: char 435, line 12
Updating eu.po
..................................................................................... done.
eu.new.po eu.po differ: char 330, line 10
Updating fi.po
.................................................................................... done.
fi.new.po fi.po differ: char 275, line 11
Updating fr.po
................................................................................ done.
fr.new.po fr.po differ: char 361, line 11
Updating gl.po
............................................................... done.
gl.new.po gl.po differ: char 340, line 11
Updating hu.po
.............................................................. done.
hu.new.po hu.po differ: char 298, line 10
Updating it.po
...................................................................................... done.
it.new.po it.po differ: char 411, line 11
Updating ja.po
.............................................................. done.
ja.new.po ja.po differ: char 433, line 11
Updating km.po
.............................................................. done.
km.new.po km.po differ: char 411, line 13
Updating ko.po
.................................................................. done.
ko.new.po ko.po differ: char 214, line 8
Updating ku.po
.............................................................. done.
ku.new.po ku.po differ: char 346, line 11
Updating lt.po
............................................................. done.
lt.new.po lt.po differ: char 376, line 11
Updating mr.po
............................................................... done.
mr.new.po mr.po differ: char 214, line 9
Updating nb.po
.............................................................. done.
nb.new.po nb.po differ: char 547, line 16
Updating ne.po
............................................................................... done.
ne.new.po ne.po differ: char 302, line 9
Updating nl.po
.............................................................. done.
nl.new.po nl.po differ: char 376, line 12
Updating nn.po
............................................................. done.
nn.new.po nn.po differ: char 404, line 12
Updating pl.po
.............................................................. done.
pl.new.po pl.po differ: char 503, line 13
Updating pt.po
............................................................. done.
pt.new.po pt.po differ: char 262, line 10
Updating pt_BR.po
............................................................. done.
pt_BR.new.po pt_BR.po differ: char 368, line 10
Updating ro.po
.............................................................. done.
ro.new.po ro.po differ: char 289, line 10
Updating ru.po
.............................................................. done.
ru.new.po ru.po differ: char 607, line 16
Updating sk.po
.............................................................. done.
sk.new.po sk.po differ: char 332, line 13
Updating sl.po
.............................................................. done.
sl.new.po sl.po differ: char 192, line 7
Updating sv.po
............................................................. done.
sv.new.po sv.po differ: char 415, line 12
Updating th.po
............................................................... done.
th.new.po th.po differ: char 373, line 11
Updating tl.po
.............................................................. done.
tl.new.po tl.po differ: char 489, line 13
Updating uk.po
.............................................................. done.
uk.new.po uk.po differ: char 254, line 9
Updating vi.po
............................................................................. done.
vi.new.po vi.po differ: char 259, line 9
Updating zh_CN.po
............................................................... done.
zh_CN.new.po zh_CN.po differ: char 408, line 12
Updating zh_TW.po
.............................................................. done.
zh_TW.new.po zh_TW.po differ: char 366, line 11
Clean done for po
make[2]: Leaving directory `/myshare/nexenta/src/deb_src/apt/apt-0.8.0/po'
make[2]: Entering directory `/myshare/nexenta/src/deb_src/apt/apt-0.8.0/apt-pkg'
Very Clean done for apt-pkg
make[2]: Leaving directory `/myshare/nexenta/src/deb_src/apt/apt-0.8.0/apt-pkg'
make[2]: Entering directory `/myshare/nexenta/src/deb_src/apt/apt-0.8.0/apt-inst'
Very Clean done for apt-inst
make[2]: Leaving directory `/myshare/nexenta/src/deb_src/apt/apt-0.8.0/apt-inst'
make[2]: Entering directory `/myshare/nexenta/src/deb_src/apt/apt-0.8.0/methods'
Very Clean done for methods
make[2]: Leaving directory `/myshare/nexenta/src/deb_src/apt/apt-0.8.0/methods'
make[2]: Entering directory `/myshare/nexenta/src/deb_src/apt/apt-0.8.0/cmdline'
Very Clean done for cmdline
make[2]: Leaving directory `/myshare/nexenta/src/deb_src/apt/apt-0.8.0/cmdline'
make[2]: Entering directory `/myshare/nexenta/src/deb_src/apt/apt-0.8.0/ftparchive'
Very Clean done for ftparchive
make[2]: Leaving directory `/myshare/nexenta/src/deb_src/apt/apt-0.8.0/ftparchive'
make[2]: Entering directory `/myshare/nexenta/src/deb_src/apt/apt-0.8.0/dselect'
Very Clean done for dselect
make[2]: Leaving directory `/myshare/nexenta/src/deb_src/apt/apt-0.8.0/dselect'
make[2]: Entering directory `/myshare/nexenta/src/deb_src/apt/apt-0.8.0/doc'
Very Clean done for doc
make[2]: Leaving directory `/myshare/nexenta/src/deb_src/apt/apt-0.8.0/doc'
make[2]: Entering directory `/myshare/nexenta/src/deb_src/apt/apt-0.8.0/po'
Very Clean done for po
make[2]: Leaving directory `/myshare/nexenta/src/deb_src/apt/apt-0.8.0/po'
make[1]: Leaving directory `/myshare/nexenta/src/deb_src/apt/apt-0.8.0'
rm -rf build
# Add here commands to clean up after the build process.
dh_clean debian/copyright debian/shlibs.local debian/shlibs.local.apt debian/shlibs.local.apt-utils
 dpkg-source -b apt-0.8.0
dpkg-source: info: using source format `3.0 (native)'
dpkg-source: info: building apt in apt_0.8.0nexenta5.tar.gz
