dpkg-buildpackage: export CFLAGS from dpkg-buildflags (origin: vendor): -g -O2
dpkg-buildpackage: export CPPFLAGS from dpkg-buildflags (origin: vendor): 
dpkg-buildpackage: export CXXFLAGS from dpkg-buildflags (origin: vendor): -g -O2
dpkg-buildpackage: export FFLAGS from dpkg-buildflags (origin: vendor): -g -O2
dpkg-buildpackage: export LDFLAGS from dpkg-buildflags (origin: vendor): 
dpkg-buildpackage: source package m4
dpkg-buildpackage: source version 1.4.14-3nexenta1
dpkg-buildpackage: source changed by Nexenta Systems <maintainer@nexenta.com>
 dpkg-source --before-build m4-1.4.14
dpkg-buildpackage: host architecture solaris-i386
 debian/rules clean
rm -f build
[ ! -f Makefile ] || /usr/bin/make distclean
make[1]: Entering directory `/usr/share/src/m4-1.4.14'
Making distclean in tests
make[2]: Entering directory `/usr/share/src/m4-1.4.14/tests'
Making distclean in .
make[3]: Entering directory `/usr/share/src/m4-1.4.14/tests'
test -z "libtests.a" || rm -f libtests.a
test -z "test-alloca-opt test-array_list test-array_oset test-avltree_oset test-binary-io test-btowc test-c-ctype test-c-stack test-c-strcasecmp test-c-strncasecmp test-cloexec test-closein test-dirname test-dup2 test-environ test-errno test-fcntl-h test-fcntl test-fflush test-fflush2 test-filenamecat test-fopen-safer test-fopen test-fpending test-fpurge test-freadahead test-freading test-frexp-nolibm test-frexpl-nolibm test-fseeko test-ftello test-getdtablesize test-getopt test-gettimeofday test-isnand-nolibm test-isnanf-nolibm test-isnanl-nolibm test-langinfo test-linkedhash_list test-lseek test-lstat test-malloca test-math test-mbrtowc test-mbsinit test-memchr test-memchr2 test-nl_langinfo test-open test-pipe test-pipe2 test-posix_spawn1 test-posix_spawn2 test-printf-frexp test-printf-frexpl test-quotearg test-rawmemchr test-rmdir test-sched test-setenv test-sigaction test-signal test-signbit test-snprintf test-spawn test-stat test-stdbool test-stddef test-stdint test-stdio test-stdlib test-strchrnul test-strerror test-string test-strsignal test-strstr test-strtod test-symlink test-sys_stat test-sys_time test-sys_wait test-time test-dup-safer test-unistd test-unsetenv test-vasnprintf test-vasprintf-posix test-vasprintf test-version-etc test-wchar test-wcrtomb test-wctype test-xalloc-die test-xvasprintf" || rm -f test-alloca-opt test-array_list test-array_oset test-avltree_oset test-binary-io test-btowc test-c-ctype test-c-stack test-c-strcasecmp test-c-strncasecmp test-cloexec test-closein test-dirname test-dup2 test-environ test-errno test-fcntl-h test-fcntl test-fflush test-fflush2 test-filenamecat test-fopen-safer test-fopen test-fpending test-fpurge test-freadahead test-freading test-frexp-nolibm test-frexpl-nolibm test-fseeko test-ftello test-getdtablesize test-getopt test-gettimeofday test-isnand-nolibm test-isnanf-nolibm test-isnanl-nolibm test-langinfo test-linkedhash_list test-lseek test-lstat test-malloca test-math test-mbrtowc test-mbsinit test-memchr test-memchr2 test-nl_langinfo test-open test-pipe test-pipe2 test-posix_spawn1 test-posix_spawn2 test-printf-frexp test-printf-frexpl test-quotearg test-rawmemchr test-rmdir test-sched test-setenv test-sigaction test-signal test-signbit test-snprintf test-spawn test-stat test-stdbool test-stddef test-stdint test-stdio test-stdlib test-strchrnul test-strerror test-string test-strsignal test-strstr test-strtod test-symlink test-sys_stat test-sys_time test-sys_wait test-time test-dup-safer test-unistd test-unsetenv test-vasnprintf test-vasprintf-posix test-vasprintf test-version-etc test-wchar test-wcrtomb test-wctype test-xalloc-die test-xvasprintf
test -z "" || rm -f 
rm -rf SunWS_cache
test -z "" || rm -f 
test -z "" || rm -f 
rm -f *.o
test -z "core *.stackdump arg-nonnull.h arg-nonnull.h-t t-c-stack.tmp t-c-stack2.tmp test-fflush.txt test-fpending.t t-fpurge.tmp t-freading.tmp test-posix_spawn1.sh test-posix_spawn1.sh-t test-posix_spawn2.sh test-posix_spawn2.sh-t warn-on-use.h warn-on-use.h-t" || rm -f core *.stackdump arg-nonnull.h arg-nonnull.h-t t-c-stack.tmp t-c-stack2.tmp test-fflush.txt test-fpending.t t-fpurge.tmp t-freading.tmp test-posix_spawn1.sh test-posix_spawn1.sh-t test-posix_spawn2.sh test-posix_spawn2.sh-t warn-on-use.h warn-on-use.h-t
test -z "test-alloca-opt.log test-array_list.log test-array_oset.log test-avltree_oset.log test-binary-io.sh.log test-btowc1.sh.log test-btowc2.sh.log test-c-ctype.log test-c-stack.sh.log test-c-stack2.sh.log test-c-strcase.sh.log test-cloexec.log test-closein.sh.log test-dirname.log test-dup2.log test-environ.log test-errno.log test-fcntl-h.log test-fcntl.log test-fflush.log test-fflush2.sh.log test-filenamecat.log test-fopen-safer.log test-fopen.log test-fpending.sh.log test-fpurge.log test-freadahead.sh.log test-freading.log test-frexp-nolibm.log test-frexpl-nolibm.log test-fseeko.sh.log test-fseeko2.sh.log test-ftello.sh.log test-ftello2.sh.log test-getdtablesize.log test-getopt.log test-gettimeofday.log test-isnand-nolibm.log test-isnanf-nolibm.log test-isnanl-nolibm.log test-langinfo.log test-linkedhash_list.log test-lseek.sh.log test-lstat.log test-malloca.log test-math.log test-mbrtowc1.sh.log test-mbrtowc2.sh.log test-mbrtowc3.sh.log test-mbrtowc4.sh.log test-mbsinit.sh.log test-memchr.log test-memchr2.log test-nl_langinfo.sh.log test-open.log test-pipe.sh.log test-pipe2.log test-posix_spawn1.log test-posix_spawn2.log test-printf-frexp.log test-printf-frexpl.log test-quotearg.sh.log test-rawmemchr.log test-rmdir.log test-sched.log test-setenv.log test-sigaction.log test-signal.log test-signbit.log test-snprintf.log test-spawn.log test-stat.log test-stdbool.log test-stddef.log test-stdint.log test-stdio.log test-stdlib.log test-strchrnul.log test-strerror.log test-string.log test-strsignal.log test-strstr.log test-strtod.log test-symlink.log test-sys_stat.log test-sys_time.log test-sys_wait.log test-time.log test-dup-safer.log test-unistd.log test-unsetenv.log test-update-copyright.sh.log test-vasnprintf.log test-vasprintf-posix.log test-vasprintf.log test-vc-list-files-git.sh.log test-vc-list-files-cvs.sh.log test-version-etc.sh.log test-wchar.log test-wcrtomb.sh.log test-wctype.log test-xalloc-die.sh.log test-xvasprintf.log" || rm -f test-alloca-opt.log test-array_list.log test-array_oset.log test-avltree_oset.log test-binary-io.sh.log test-btowc1.sh.log test-btowc2.sh.log test-c-ctype.log test-c-stack.sh.log test-c-stack2.sh.log test-c-strcase.sh.log test-cloexec.log test-closein.sh.log test-dirname.log test-dup2.log test-environ.log test-errno.log test-fcntl-h.log test-fcntl.log test-fflush.log test-fflush2.sh.log test-filenamecat.log test-fopen-safer.log test-fopen.log test-fpending.sh.log test-fpurge.log test-freadahead.sh.log test-freading.log test-frexp-nolibm.log test-frexpl-nolibm.log test-fseeko.sh.log test-fseeko2.sh.log test-ftello.sh.log test-ftello2.sh.log test-getdtablesize.log test-getopt.log test-gettimeofday.log test-isnand-nolibm.log test-isnanf-nolibm.log test-isnanl-nolibm.log test-langinfo.log test-linkedhash_list.log test-lseek.sh.log test-lstat.log test-malloca.log test-math.log test-mbrtowc1.sh.log test-mbrtowc2.sh.log test-mbrtowc3.sh.log test-mbrtowc4.sh.log test-mbsinit.sh.log test-memchr.log test-memchr2.log test-nl_langinfo.sh.log test-open.log test-pipe.sh.log test-pipe2.log test-posix_spawn1.log test-posix_spawn2.log test-printf-frexp.log test-printf-frexpl.log test-quotearg.sh.log test-rawmemchr.log test-rmdir.log test-sched.log test-setenv.log test-sigaction.log test-signal.log test-signbit.log test-snprintf.log test-spawn.log test-stat.log test-stdbool.log test-stddef.log test-stdint.log test-stdio.log test-stdlib.log test-strchrnul.log test-strerror.log test-string.log test-strsignal.log test-strstr.log test-strtod.log test-symlink.log test-sys_stat.log test-sys_time.log test-sys_wait.log test-time.log test-dup-safer.log test-unistd.log test-unsetenv.log test-update-copyright.sh.log test-vasnprintf.log test-vasprintf-posix.log test-vasprintf.log test-vc-list-files-git.sh.log test-vc-list-files-cvs.sh.log test-version-etc.sh.log test-wchar.log test-wcrtomb.sh.log test-wctype.log test-xalloc-die.sh.log test-xvasprintf.log
test -z "test-alloca-opt.log-t test-array_list.log-t test-array_oset.log-t test-avltree_oset.log-t test-binary-io.sh.log-t test-btowc1.sh.log-t test-btowc2.sh.log-t test-c-ctype.log-t test-c-stack.sh.log-t test-c-stack2.sh.log-t test-c-strcase.sh.log-t test-cloexec.log-t test-closein.sh.log-t test-dirname.log-t test-dup2.log-t test-environ.log-t test-errno.log-t test-fcntl-h.log-t test-fcntl.log-t test-fflush.log-t test-fflush2.sh.log-t test-filenamecat.log-t test-fopen-safer.log-t test-fopen.log-t test-fpending.sh.log-t test-fpurge.log-t test-freadahead.sh.log-t test-freading.log-t test-frexp-nolibm.log-t test-frexpl-nolibm.log-t test-fseeko.sh.log-t test-fseeko2.sh.log-t test-ftello.sh.log-t test-ftello2.sh.log-t test-getdtablesize.log-t test-getopt.log-t test-gettimeofday.log-t test-isnand-nolibm.log-t test-isnanf-nolibm.log-t test-isnanl-nolibm.log-t test-langinfo.log-t test-linkedhash_list.log-t test-lseek.sh.log-t test-lstat.log-t test-malloca.log-t test-math.log-t test-mbrtowc1.sh.log-t test-mbrtowc2.sh.log-t test-mbrtowc3.sh.log-t test-mbrtowc4.sh.log-t test-mbsinit.sh.log-t test-memchr.log-t test-memchr2.log-t test-nl_langinfo.sh.log-t test-open.log-t test-pipe.sh.log-t test-pipe2.log-t test-posix_spawn1.log-t test-posix_spawn2.log-t test-printf-frexp.log-t test-printf-frexpl.log-t test-quotearg.sh.log-t test-rawmemchr.log-t test-rmdir.log-t test-sched.log-t test-setenv.log-t test-sigaction.log-t test-signal.log-t test-signbit.log-t test-snprintf.log-t test-spawn.log-t test-stat.log-t test-stdbool.log-t test-stddef.log-t test-stdint.log-t test-stdio.log-t test-stdlib.log-t test-strchrnul.log-t test-strerror.log-t test-string.log-t test-strsignal.log-t test-strstr.log-t test-strtod.log-t test-symlink.log-t test-sys_stat.log-t test-sys_time.log-t test-sys_wait.log-t test-time.log-t test-dup-safer.log-t test-unistd.log-t test-unsetenv.log-t test-update-copyright.sh.log-t test-vasnprintf.log-t test-vasprintf-posix.log-t test-vasprintf.log-t test-vc-list-files-git.sh.log-t test-vc-list-files-cvs.sh.log-t test-version-etc.sh.log-t test-wchar.log-t test-wcrtomb.sh.log-t test-wctype.log-t test-xalloc-die.sh.log-t test-xvasprintf.log-t" || rm -f test-alloca-opt.log-t test-array_list.log-t test-array_oset.log-t test-avltree_oset.log-t test-binary-io.sh.log-t test-btowc1.sh.log-t test-btowc2.sh.log-t test-c-ctype.log-t test-c-stack.sh.log-t test-c-stack2.sh.log-t test-c-strcase.sh.log-t test-cloexec.log-t test-closein.sh.log-t test-dirname.log-t test-dup2.log-t test-environ.log-t test-errno.log-t test-fcntl-h.log-t test-fcntl.log-t test-fflush.log-t test-fflush2.sh.log-t test-filenamecat.log-t test-fopen-safer.log-t test-fopen.log-t test-fpending.sh.log-t test-fpurge.log-t test-freadahead.sh.log-t test-freading.log-t test-frexp-nolibm.log-t test-frexpl-nolibm.log-t test-fseeko.sh.log-t test-fseeko2.sh.log-t test-ftello.sh.log-t test-ftello2.sh.log-t test-getdtablesize.log-t test-getopt.log-t test-gettimeofday.log-t test-isnand-nolibm.log-t test-isnanf-nolibm.log-t test-isnanl-nolibm.log-t test-langinfo.log-t test-linkedhash_list.log-t test-lseek.sh.log-t test-lstat.log-t test-malloca.log-t test-math.log-t test-mbrtowc1.sh.log-t test-mbrtowc2.sh.log-t test-mbrtowc3.sh.log-t test-mbrtowc4.sh.log-t test-mbsinit.sh.log-t test-memchr.log-t test-memchr2.log-t test-nl_langinfo.sh.log-t test-open.log-t test-pipe.sh.log-t test-pipe2.log-t test-posix_spawn1.log-t test-posix_spawn2.log-t test-printf-frexp.log-t test-printf-frexpl.log-t test-quotearg.sh.log-t test-rawmemchr.log-t test-rmdir.log-t test-sched.log-t test-setenv.log-t test-sigaction.log-t test-signal.log-t test-signbit.log-t test-snprintf.log-t test-spawn.log-t test-stat.log-t test-stdbool.log-t test-stddef.log-t test-stdint.log-t test-stdio.log-t test-stdlib.log-t test-strchrnul.log-t test-strerror.log-t test-string.log-t test-strsignal.log-t test-strstr.log-t test-strtod.log-t test-symlink.log-t test-sys_stat.log-t test-sys_time.log-t test-sys_wait.log-t test-time.log-t test-dup-safer.log-t test-unistd.log-t test-unsetenv.log-t test-update-copyright.sh.log-t test-vasnprintf.log-t test-vasprintf-posix.log-t test-vasprintf.log-t test-vc-list-files-git.sh.log-t test-vc-list-files-cvs.sh.log-t test-version-etc.sh.log-t test-wchar.log-t test-wcrtomb.sh.log-t test-wctype.log-t test-xalloc-die.sh.log-t test-xvasprintf.log-t
test -z "test-suite.html" || rm -f test-suite.html
test -z "test-suite.log" || rm -f test-suite.log
rm -f *.tab.c
test -z "" || rm -f 
test . = "." || test -z "" || rm -f 
test -z "" || rm -f 
rm -f TAGS ID GTAGS GRTAGS GSYMS GPATH tags
make[3]: Leaving directory `/usr/share/src/m4-1.4.14/tests'
rm -rf ./.deps
rm -f Makefile
make[2]: Leaving directory `/usr/share/src/m4-1.4.14/tests'
Making distclean in checks
make[2]: Entering directory `/usr/share/src/m4-1.4.14/checks'
rm -f Makefile
make[2]: Leaving directory `/usr/share/src/m4-1.4.14/checks'
Making distclean in doc
make[2]: Entering directory `/usr/share/src/m4-1.4.14/doc'
test -z "m4.dvi m4.pdf m4.ps m4.html" \
	|| rm -rf m4.dvi m4.pdf m4.ps m4.html
rm -rf m4.aux m4.cp m4.cps m4.fn m4.fns m4.ky m4.kys m4.log m4.pg m4.pgs \
	  m4.tmp m4.toc m4.tp m4.tps m4.vr m4.vrs
rm -f vti.tmp
test -z "" || rm -f 
test . = "." || test -z "" || rm -f 
rm -f Makefile
make[2]: Leaving directory `/usr/share/src/m4-1.4.14/doc'
Making distclean in src
make[2]: Entering directory `/usr/share/src/m4-1.4.14/src'
test -z "m4" || rm -f m4
rm -f *.o
rm -f *.tab.c
test -z "" || rm -f 
test . = "." || test -z "" || rm -f 
rm -f TAGS ID GTAGS GRTAGS GSYMS GPATH tags
rm -rf ./.deps
rm -f Makefile
make[2]: Leaving directory `/usr/share/src/m4-1.4.14/src'
Making distclean in lib
make[2]: Entering directory `/usr/share/src/m4-1.4.14/lib'
test -z "configmake.h configmake.h-t charset.alias ref-add.sed ref-del.sed" || rm -f configmake.h configmake.h-t charset.alias ref-add.sed ref-del.sed
test -z "libm4.a" || rm -f libm4.a
rm -f *.o
test -z "core *.stackdump alloca.h alloca.h-t arg-nonnull.h arg-nonnull.h-t errno.h errno.h-t fcntl.h fcntl.h-t float.h float.h-t getopt.h getopt.h-t langinfo.h langinfo.h-t math.h math.h-t sched.h sched.h-t signal.h signal.h-t spawn.h spawn.h-t stdarg.h stdarg.h-t stdbool.h stdbool.h-t stddef.h stddef.h-t stdint.h stdint.h-t stdio.h stdio.h-t stdlib.h stdlib.h-t string.h string.h-t sys/stat.h sys/stat.h-t sys/time.h sys/time.h-t sys/wait.h sys/wait.h-t time.h time.h-t unistd.h unistd.h-t warn-on-use.h warn-on-use.h-t wchar.h wchar.h-t wctype.h wctype.h-t" || rm -f core *.stackdump alloca.h alloca.h-t arg-nonnull.h arg-nonnull.h-t errno.h errno.h-t fcntl.h fcntl.h-t float.h float.h-t getopt.h getopt.h-t langinfo.h langinfo.h-t math.h math.h-t sched.h sched.h-t signal.h signal.h-t spawn.h spawn.h-t stdarg.h stdarg.h-t stdbool.h stdbool.h-t stddef.h stddef.h-t stdint.h stdint.h-t stdio.h stdio.h-t stdlib.h stdlib.h-t string.h string.h-t sys/stat.h sys/stat.h-t sys/time.h sys/time.h-t sys/wait.h sys/wait.h-t time.h time.h-t unistd.h unistd.h-t warn-on-use.h warn-on-use.h-t wchar.h wchar.h-t wctype.h wctype.h-t
rmdir sys
rm -f *.tab.c
test -z "" || rm -f 
test . = "." || test -z "" || rm -f 
rm -f config.h stamp-h1
test x'' != x && rm -f ../GNUmakefile || :
rm -f TAGS ID GTAGS GRTAGS GSYMS GPATH tags
rm -rf .deps ./.deps
rm -f Makefile
make[2]: Leaving directory `/usr/share/src/m4-1.4.14/lib'
Making distclean in examples
make[2]: Entering directory `/usr/share/src/m4-1.4.14/examples'
test -z "" || rm -f 
test . = "." || test -z "" || rm -f 
rm -f Makefile
make[2]: Leaving directory `/usr/share/src/m4-1.4.14/examples'
Making distclean in .
make[2]: Entering directory `/usr/share/src/m4-1.4.14'
test -z "checks/Makefile" || rm -f checks/Makefile
test . = "." || test -z "" || rm -f 
test -z "stamp-h" || rm -f stamp-h
rm -f TAGS ID GTAGS GRTAGS GSYMS GPATH tags
make[2]: Leaving directory `/usr/share/src/m4-1.4.14'
rm -f config.status config.cache config.log configure.lineno config.status.lineno
rm -f Makefile
make[1]: Leaving directory `/usr/share/src/m4-1.4.14'
rm -f `find . -name "*~"`
rm -rf debian/tmp debian/files* core debian/substvars
 dpkg-source -b m4-1.4.14
dpkg-source: info: using source format `3.0 (quilt)'
dpkg-source: info: building m4 using existing ./m4_1.4.14.orig.tar.bz2
dpkg-source: info: building m4 in m4_1.4.14-3nexenta1.debian.tar.gz
dpkg-source: info: building m4 in m4_1.4.14-3nexenta1.dsc
 debian/rules build
./configure --build i386-pc-solaris2.11 --prefix=/usr/gnu
checking for a BSD-compatible install... /usr/gnu/bin/install -c
checking whether build environment is sane... yes
checking for a thread-safe mkdir -p... /usr/gnu/bin/mkdir -p
checking for gawk... gawk
checking whether make sets $(MAKE)... yes
checking for gcc... gcc
checking whether the C compiler works... yes
checking for C compiler default output file name... a.out
checking for suffix of executables... 
checking whether we are cross compiling... no
checking for suffix of object files... o
checking whether we are using the GNU C compiler... yes
checking whether gcc accepts -g... yes
checking for gcc option to accept ISO C89... none needed
checking for style of include used by make... GNU
checking dependency style of gcc... gcc3
checking for ranlib... ranlib
checking whether gcc and cc understand -c and -o together... yes
checking build system type... i386-pc-solaris2.11
checking host system type... i386-pc-solaris2.11
checking how to run the C preprocessor... gcc -E
checking for grep that handles long lines and -e... /usr/gnu/bin/grep
checking for egrep... /usr/gnu/bin/grep -E
checking for ANSI C header files... yes
checking for sys/types.h... yes
checking for sys/stat.h... yes
checking for stdlib.h... yes
checking for string.h... yes
checking for memory.h... yes
checking for strings.h... yes
checking for inttypes.h... yes
checking for stdint.h... yes
checking for unistd.h... yes
checking minix/config.h usability... no
checking minix/config.h presence... no
checking for minix/config.h... no
checking whether it is safe to define __EXTENSIONS__... yes
checking for _LARGEFILE_SOURCE value needed for large files... no
checking for gcc option to accept ISO C99... -std=gnu99
checking for gcc -std=gnu99 option to accept ISO Standard C... (cached) -std=gnu99
configure: autobuild project... GNU M4
configure: autobuild revision... 1.4.14
configure: autobuild hostname... srv123
configure: autobuild timestamp... 20110217T220045Z
checking for long long int... yes
checking for unsigned long long int... yes
checking for working alloca.h... yes
checking for alloca... yes
checking whether <wchar.h> uses 'inline' correctly... yes
checking for btowc... yes
checking for setrlimit... yes
checking for sigaltstack... yes
checking for dup2... yes
checking for fcntl... yes
checking for mempcpy... no
checking for __fpending... yes
checking for fpurge... no
checking for __fpurge... yes
checking for __freading... yes
checking for getdtablesize... yes
checking for gettimeofday... yes
checking for lstat... yes
checking for mbsinit... yes
checking for mbrtowc... yes
checking for mprotect... yes
checking for nl_langinfo... yes
checking for pathconf... yes
checking for pipe2... no
checking for posix_spawn... yes
checking for isblank... yes
checking for iswctype... yes
checking for wcscoll... yes
checking for sigaction... yes
checking for siginterrupt... yes
checking for strndup... yes
checking for pipe... yes
checking for vasnprintf... no
checking for wcrtomb... yes
checking for iswcntrl... yes
checking for setenv... yes
checking for symlink... yes
checking for wctob... yes
checking for nl_langinfo and CODESET... yes
checking for a traditional french locale... none
checking for ucontext.h... yes
checking for unistd.h... (cached) yes
checking for errno.h... yes
checking for fcntl.h... yes
checking for float.h... yes
checking for stdio_ext.h... yes
checking for getopt.h... yes
checking for sys/time.h... yes
checking for langinfo.h... yes
checking for math.h... yes
checking for sys/mman.h... yes
checking for sys/param.h... yes
checking for locale.h... yes
checking for sched.h... yes
checking for signal.h... yes
checking for spawn.h... yes
checking for stdarg.h... yes
checking for stddef.h... yes
checking for stdint.h... (cached) yes
checking for wchar.h... yes
checking for stdio.h... yes
checking for stdlib.h... (cached) yes
checking for sys/socket.h... yes
checking for string.h... (cached) yes
checking for sys/stat.h... (cached) yes
checking for sys/wait.h... yes
checking for time.h... yes
checking for wctype.h... yes
checking for working C stack overflow detection... yes
checking for correct stack_t interpretation... yes
checking for precise C stack overflow detection... yes
checking for ld used by GCC... /usr/gnu/bin/ld
checking if the linker (/usr/gnu/bin/ld) is GNU ld... yes
checking for shared library run path origin... done
checking for 64-bit host... no
checking for libsigsegv... no, consider installing GNU libsigsegv
checking whether system is Windows or MSDOS... no
checking whether // is distinct from /... no
checking if environ is properly declared... no
checking whether the preprocessor supports include_next... yes
checking for complete errno.h... yes
checking whether strerror_r is declared... yes
checking for strerror_r... yes
checking whether strerror_r returns char *... no
checking for inline... inline
checking for mode_t... yes
checking for sig_atomic_t... yes
checking for working fcntl.h... no (bad O_NOATIME)
checking whether stdin defaults to large file offsets... yes
checking for getopt.h... (cached) yes
checking for getopt_long_only... yes
checking whether optreset is declared... no
checking whether getopt is POSIX compatible... no
checking whether getenv is declared... yes
checking for C/C++ restrict keyword... __restrict
checking for struct timeval... yes
checking whether gettimeofday is declared without a macro... yes
checking where to find the exponent in a 'float'... word 0 bit 23
checking whether byte ordering is bigendian... no
checking whether getc_unlocked is declared... yes
checking whether we are using the GNU C Library 2.1 or newer... no
checking for multithread API to use... none
checking whether lstat correctly handles trailing slash... yes
checking whether malloc, realloc, calloc are POSIX compliant... yes
checking for stdlib.h... (cached) yes
checking for GNU libc compatible malloc... yes
checking for mbstate_t... yes
checking for a traditional japanese locale... none
checking for a transitional chinese locale... none
checking for a french Unicode locale... none
checking for mmap... yes
checking for MAP_ANONYMOUS... yes
checking for memchr... yes
checking whether memchr works... yes
checking for special C compiler options needed for large files... no
checking for _FILE_OFFSET_BITS value needed for large files... 64
checking for promoted mode_t type... mode_t
checking whether posix_spawn works... yes
checking for uid_t in sys/types.h... yes
checking whether snprintf is declared... yes
checking for stdbool.h that conforms to C99... yes
checking for _Bool... yes
checking for wchar_t... yes
checking for working strerror function... yes
checking whether memmem is declared without a macro... yes
checking whether mempcpy is declared without a macro... no
checking whether memrchr is declared without a macro... no
checking whether rawmemchr is declared without a macro... no
checking whether stpcpy is declared without a macro... yes
checking whether stpncpy is declared without a macro... yes
checking whether strchrnul is declared without a macro... yes
checking whether strdup is declared without a macro... yes
checking whether strndup is declared without a macro... yes
checking whether strnlen is declared without a macro... yes
checking whether strpbrk is declared without a macro... yes
checking whether strsep is declared without a macro... yes
checking whether strcasestr is declared without a macro... yes
checking whether strtok_r is declared without a macro... yes
checking whether strsignal is declared without a macro... yes
checking whether strverscmp is declared without a macro... no
checking whether strndup is declared... (cached) yes
checking whether strnlen is declared... (cached) yes
checking whether strsignal is declared... (cached) yes
checking whether sys_siglist is declared... no
checking whether stat file-mode macros are broken... no
checking for struct timespec in <time.h>... yes
checking whether clearerr_unlocked is declared... no
checking whether feof_unlocked is declared... no
checking whether ferror_unlocked is declared... no
checking whether fflush_unlocked is declared... no
checking whether fgets_unlocked is declared... no
checking whether fputc_unlocked is declared... no
checking whether fputs_unlocked is declared... no
checking whether fread_unlocked is declared... no
checking whether fwrite_unlocked is declared... no
checking whether getchar_unlocked is declared... yes
checking whether putc_unlocked is declared... yes
checking whether putchar_unlocked is declared... yes
checking for wint_t... yes
checking for size_t... yes
checking for inttypes.h... yes
checking for stdint.h... yes
checking for intmax_t... yes
checking for snprintf... yes
checking for strnlen... yes
checking for wcslen... yes
checking for wcsnlen... yes
checking for mbrtowc... (cached) yes
checking for wcrtomb... (cached) yes
checking whether _snprintf is declared... no
checking whether printf supports size specifiers as in C99... yes
checking whether printf supports 'long double' arguments... yes
checking whether printf supports infinite 'double' arguments... no
checking whether printf supports infinite 'long double' arguments... no
checking whether printf supports the 'a' and 'A' directives... no
checking whether printf supports the 'F' directive... yes
checking whether printf supports the 'n' directive... yes
checking whether printf supports the 'ls' directive... no
checking whether printf supports POSIX/XSI format strings with positions... yes
checking whether printf supports the grouping flag... yes
checking whether printf supports the left-adjust flag correctly... yes
checking whether printf supports the zero flag correctly... no
checking whether printf supports large precisions... yes
checking whether printf survives out-of-memory conditions... yes
checking whether ungetc works on arbitrary bytes... yes
checking whether setenv validates arguments... yes
checking search.h usability... yes
checking search.h presence... yes
checking for search.h... yes
checking for tsearch... yes
checking whether alarm is declared... yes
checking for alloca as a compiler built-in... yes
checking whether to enable assertions... yes
checking whether btowc(EOF) is correct... guessing yes
checking whether sigaltstack is declared... yes
checking for stack_t... yes
checking whether // is distinct from /... (cached) no
checking whether dup2 works... yes
checking for error_at_line... no
checking whether fcntl handles F_DUPFD correctly... yes
checking whether fcntl understands F_DUPFD_CLOEXEC... no
checking whether fcntl is declared without a macro... yes
checking whether openat is declared without a macro... yes
checking whether fflush works on input streams... yes
checking whether fopen recognizes a trailing slash... yes
checking whether __fpending is declared... yes
checking whether fpurge is declared... no
checking whether frexp() can be used without linking with libm... yes
checking whether frexp works... yes
checking whether frexpl() can be used without linking with libm... no
checking for fseeko... yes
checking for ftello... yes
checking whether gettimeofday clobbers localtime buffer... no
checking for gettimeofday with POSIX signature... yes
checking whether the compiler generally respects inline... yes
checking whether isnan(double) can be used without linking with libm... yes
checking whether isnan(float) can be used without linking with libm... yes
checking whether isnan(float) works... yes
checking whether isnan(long double) can be used without linking with libm... yes
checking whether isnanl works... no
checking where to find the exponent in a 'long double'... word 2 bit 0
checking whether langinfo.h defines CODESET... yes
checking whether langinfo.h defines ERA... yes
checking whether nl_langinfo is declared without a macro... yes
checking for libsigsegv... (cached) no, consider installing GNU libsigsegv
checking whether lseek detects pipes... yes
checking for stdlib.h... (cached) yes
checking for GNU libc compatible malloc... (cached) yes
checking whether NAN macro works... yes
checking whether HUGE_VAL works... yes
checking whether acosl is declared without a macro... yes
checking whether asinl is declared without a macro... yes
checking whether atanl is declared without a macro... yes
checking whether ceilf is declared without a macro... yes
checking whether ceill is declared without a macro... yes
checking whether cosl is declared without a macro... yes
checking whether expl is declared without a macro... yes
checking whether floorf is declared without a macro... yes
checking whether floorl is declared without a macro... yes
checking whether frexpl is declared without a macro... yes
checking whether ldexpl is declared without a macro... yes
checking whether logl is declared without a macro... yes
checking whether round is declared without a macro... yes
checking whether roundf is declared without a macro... yes
checking whether roundl is declared without a macro... yes
checking whether sinl is declared without a macro... yes
checking whether sqrtl is declared without a macro... yes
checking whether tanl is declared without a macro... yes
checking whether trunc is declared without a macro... yes
checking whether truncf is declared without a macro... yes
checking whether truncl is declared without a macro... yes
checking whether mbrtowc handles incomplete characters... guessing yes
checking whether mbrtowc works as well as mbtowc... guessing yes
checking whether mbrtowc handles a NULL string argument... guessing yes
checking whether mbrtowc has a correct return value... guessing no
checking whether mbrtowc returns 0 when parsing a NUL character... guessing yes
checking whether mbrtowc handles incomplete characters... (cached) guessing yes
checking whether mbrtowc works as well as mbtowc... (cached) guessing yes
checking for mkdtemp... yes
checking for working mkstemp... yes
checking for obstacks... no
checking whether open recognizes a trailing slash... yes
checking whether frexp can be used without linking with libm... (cached) yes
checking whether frexp works... (cached) yes
checking whether ldexp can be used without linking with libm... yes
checking whether frexpl can be used without linking with libm... (cached) no
checking whether ldexpl can be used without linking with libm... no
checking whether program_invocation_name is declared... no
checking whether program_invocation_short_name is declared... no
checking for rawmemchr... no
checking for working re_compile_pattern... no
checking libintl.h usability... yes
checking libintl.h presence... yes
checking for libintl.h... yes
checking whether isblank is declared... yes
checking for rmdir... yes
checking whether rmdir works... yes
checking for struct sigaction.sa_sigaction... yes
checking for volatile sig_atomic_t... yes
checking whether sigaction is declared without a macro... yes
checking whether sigaddset is declared without a macro... yes
checking whether sigdelset is declared without a macro... yes
checking whether sigemptyset is declared without a macro... yes
checking whether sigfillset is declared without a macro... yes
checking whether sigismember is declared without a macro... yes
checking whether sigpending is declared without a macro... yes
checking whether sigprocmask is declared without a macro... yes
checking for signbit macro... no
checking for signbit compiler built-ins... yes
checking for sigprocmask... yes
checking for stdint.h... (cached) yes
checking for SIZE_MAX... yes
checking for snprintf... (cached) yes
checking whether snprintf respects a size of 1... yes
checking for posix_spawnattr_t... yes
checking for posix_spawn_file_actions_t... yes
checking whether posix_spawn is declared without a macro... yes
checking whether posix_spawnp is declared without a macro... yes
checking whether posix_spawnattr_init is declared without a macro... yes
checking whether posix_spawnattr_destroy is declared without a macro... yes
checking whether posix_spawnattr_getsigdefault is declared without a macro... yes
checking whether posix_spawnattr_setsigdefault is declared without a macro... yes
checking whether posix_spawnattr_getsigmask is declared without a macro... yes
checking whether posix_spawnattr_setsigmask is declared without a macro... yes
checking whether posix_spawnattr_getflags is declared without a macro... yes
checking whether posix_spawnattr_setflags is declared without a macro... yes
checking whether posix_spawnattr_getpgroup is declared without a macro... yes
checking whether posix_spawnattr_setpgroup is declared without a macro... yes
checking whether posix_spawnattr_getschedpolicy is declared without a macro... yes
checking whether posix_spawnattr_setschedpolicy is declared without a macro... yes
checking whether posix_spawnattr_getschedparam is declared without a macro... yes
checking whether posix_spawnattr_setschedparam is declared without a macro... yes
checking whether posix_spawn_file_actions_init is declared without a macro... yes
checking whether posix_spawn_file_actions_destroy is declared without a macro... yes
checking whether posix_spawn_file_actions_addopen is declared without a macro... yes
checking whether posix_spawn_file_actions_addclose is declared without a macro... yes
checking whether posix_spawwn_file_actions_adddup2 is declared without a macro... no
checking for ssize_t... yes
checking whether stat handles trailing slashes on directories... yes
checking whether stat handles trailing slashes on files... yes
checking for va_copy... yes
checking whether NULL can be used in arbitrary expressions... yes
checking whether stdint.h conforms to C99... no
checking sys/inttypes.h usability... yes
checking sys/inttypes.h presence... yes
checking for sys/inttypes.h... yes
checking sys/bitypes.h usability... no
checking sys/bitypes.h presence... no
checking for sys/bitypes.h... no
checking for bit size of ptrdiff_t... 32
checking for bit size of size_t... 32
checking for bit size of sig_atomic_t... 32
checking for bit size of wchar_t... 32
checking for bit size of wint_t... 32
checking whether sig_atomic_t is signed... yes
checking whether wchar_t is signed... yes
checking whether wint_t is signed... yes
checking for ptrdiff_t integer literal suffix... 
checking for size_t integer literal suffix... u
checking for sig_atomic_t integer literal suffix... 
checking for wchar_t integer literal suffix... l
checking for wint_t integer literal suffix... l
checking whether dprintf is declared without a macro... no
checking whether fpurge is declared without a macro... no
checking whether fseeko is declared without a macro... yes
checking whether ftello is declared without a macro... yes
checking whether getdelim is declared without a macro... yes
checking whether getline is declared without a macro... yes
checking whether popen is declared without a macro... yes
checking whether renameat is declared without a macro... no
checking whether snprintf is declared without a macro... yes
checking whether vdprintf is declared without a macro... no
checking whether vsnprintf is declared without a macro... yes
checking for random.h... no
checking for struct random_data... no
checking whether atoll is declared without a macro... yes
checking whether canonicalize_file_name is declared without a macro... yes
checking whether getloadavg is declared without a macro... no
checking whether getsubopt is declared without a macro... yes
checking whether mkdtemp is declared without a macro... yes
checking whether mkostemp is declared without a macro... no
checking whether mkostemps is declared without a macro... no
checking whether mkstemp is declared without a macro... yes
checking whether mkstemps is declared without a macro... yes
checking whether random_r is declared without a macro... no
checking whether initstat_r is declared without a macro... no
checking whether srandom_r is declared without a macro... no
checking whether setstate_r is declared without a macro... no
checking whether realpath is declared without a macro... yes
checking whether rpmatch is declared without a macro... no
checking whether setenv is declared without a macro... yes
checking whether strtod is declared without a macro... yes
checking whether strtoll is declared without a macro... yes
checking whether strtoull is declared without a macro... yes
checking whether unsetenv is declared without a macro... yes
checking for strchrnul... yes
checking for working strndup... yes
checking for working strnlen... yes
checking for strsignal... yes
checking whether strsignal always returns a string... no
checking whether _sys_siglist is declared... yes
checking whether strstr works in linear time... no
checking for working strtod... yes
checking whether strtod obeys C99... no
checking for pow... no
checking for pow in -lm... yes
checking for strtol... yes
checking for nlink_t... yes
checking whether fchmodat is declared without a macro... yes
checking whether fstatat is declared without a macro... yes
checking whether futimens is declared without a macro... yes
checking whether lchmod is declared without a macro... no
checking whether lstat is declared without a macro... yes
checking whether mkdirat is declared without a macro... yes
checking whether mkfifo is declared without a macro... yes
checking whether mkfifoat is declared without a macro... yes
checking whether mknod is declared without a macro... yes
checking whether mknodat is declared without a macro... yes
checking whether stat is declared without a macro... yes
checking whether utimensat is declared without a macro... yes
checking for __secure_getenv... no
checking whether chown is declared without a macro... yes
checking whether dup2 is declared without a macro... yes
checking whether dup3 is declared without a macro... no
checking whether environ is declared without a macro... no
checking whether euidaccess is declared without a macro... no
checking whether faccessat is declared without a macro... yes
checking whether fchdir is declared without a macro... yes
checking whether fchownat is declared without a macro... yes
checking whether fsync is declared without a macro... yes
checking whether ftruncate is declared without a macro... yes
checking whether getcwd is declared without a macro... yes
checking whether getdomainname is declared without a macro... no
checking whether getdtablesize is declared without a macro... yes
checking whether getgroups is declared without a macro... yes
checking whether gethostname is declared without a macro... yes
checking whether getlogin is declared without a macro... yes
checking whether getlogin_r is declared without a macro... yes
checking whether getpagesize is declared without a macro... yes
checking whether getusershell is declared without a macro... yes
checking whether setusershell is declared without a macro... yes
checking whether endusershell is declared without a macro... yes
checking whether lchown is declared without a macro... yes
checking whether link is declared without a macro... yes
checking whether linkat is declared without a macro... yes
checking whether lseek is declared without a macro... yes
checking whether pipe2 is declared without a macro... no
checking whether pread is declared without a macro... yes
checking whether readlink is declared without a macro... yes
checking whether readlinkat is declared without a macro... yes
checking whether rmdir is declared without a macro... yes
checking whether sleep is declared without a macro... yes
checking whether symlink is declared without a macro... yes
checking whether symlinkat is declared without a macro... yes
checking whether unlink is declared without a macro... yes
checking whether unlinkat is declared without a macro... yes
checking whether usleep is declared without a macro... yes
checking for ptrdiff_t... yes
checking for vasprintf... yes
checking for vasprintf... (cached) yes
checking for nl_langinfo... (cached) yes
checking for ptrdiff_t... (cached) yes
checking for waitid... yes
checking whether btowc is declared without a macro... yes
checking whether wctob is declared without a macro... yes
checking whether mbsinit is declared without a macro... yes
checking whether mbrtowc is declared without a macro... yes
checking whether mbrlen is declared without a macro... yes
checking whether mbsrtowcs is declared without a macro... yes
checking whether mbsnrtowcs is declared without a macro... no
checking whether wcrtomb is declared without a macro... yes
checking whether wcsrtombs is declared without a macro... yes
checking whether wcsnrtombs is declared without a macro... no
checking whether wcwidth is declared without a macro... yes
checking whether mbrtowc handles incomplete characters... (cached) guessing yes
checking whether mbrtowc works as well as mbtowc... (cached) guessing yes
checking whether wcrtomb return value is correct... guessing no
checking whether iswcntrl works... yes
checking for stdint.h... (cached) yes
checking for a traditional french locale... (cached) none
checking for a french Unicode locale... (cached) none
checking for a traditional french locale... (cached) none
checking for a turkish Unicode locale... none
checking for getpagesize... yes
checking where to find the exponent in a 'double'... word 1 bit 20
checking where to find the exponent in a 'float'... (cached) word 0 bit 23
checking where to find the exponent in a 'long double'... (cached) word 2 bit 0
checking for a traditional french locale... (cached) none
checking for a french Unicode locale... (cached) none
checking for a traditional japanese locale... (cached) none
checking for a transitional chinese locale... (cached) none
checking for a french Unicode locale... (cached) none
checking for mmap... (cached) yes
checking for MAP_ANONYMOUS... yes
checking for a traditional french locale... (cached) none
checking for a french Unicode locale... (cached) none
checking for putenv compatible with GNU and SVID... no
checking for a traditional french locale... (cached) none
checking for a french Unicode locale... (cached) none
checking for wchar_t... (cached) yes
checking for wint_t... (cached) yes
checking for mmap... (cached) yes
checking for MAP_ANONYMOUS... yes
checking whether symlink handles trailing slash correctly... yes
checking for unsetenv... yes
checking for unsetenv() return type... int
checking whether unsetenv works on duplicates... no
checking for a traditional french locale... (cached) none
checking for a french Unicode locale... (cached) none
checking for a traditional japanese locale... (cached) none
checking for a transitional chinese locale... (cached) none
checking whether wctob works... guessing yes
checking whether wctob is declared... (cached) yes
checking whether an open file can be renamed... yes
checking if changeword is wanted... no
checking which shell to use for syscmd... /usr/bin/sh
checking if malloc debugging is wanted... no
configure: creating ./config.status
config.status: creating Makefile
config.status: creating doc/Makefile
config.status: creating lib/Makefile
config.status: creating src/Makefile
config.status: creating tests/Makefile
config.status: creating checks/Makefile
config.status: creating examples/Makefile
config.status: creating lib/config.h
config.status: executing depfiles commands
config.status: executing stamp-h commands
/usr/bin/make CFLAGS="-g -Wall -O2"
make[1]: Entering directory `/usr/share/src/m4-1.4.14'
/usr/bin/make  all-recursive
make[2]: Entering directory `/usr/share/src/m4-1.4.14'
Making all in .
make[3]: Entering directory `/usr/share/src/m4-1.4.14'
make[3]: Nothing to be done for `all-am'.
make[3]: Leaving directory `/usr/share/src/m4-1.4.14'
Making all in examples
make[3]: Entering directory `/usr/share/src/m4-1.4.14/examples'
make[3]: Nothing to be done for `all'.
make[3]: Leaving directory `/usr/share/src/m4-1.4.14/examples'
Making all in lib
make[3]: Entering directory `/usr/share/src/m4-1.4.14/lib'
rm -f alloca.h-t alloca.h && \
	{ echo '/* DO NOT EDIT! GENERATED AUTOMATICALLY! */'; \
	  cat ./alloca.in.h; \
	} > alloca.h-t && \
	mv -f alloca.h-t alloca.h
rm -f arg-nonnull.h-t arg-nonnull.h && \
	sed -n -e '/GL_ARG_NONNULL/,$p' \
	  < ../build-aux/arg-nonnull.h \
	  > arg-nonnull.h-t && \
	mv arg-nonnull.h-t arg-nonnull.h
rm -f configmake.h-t && \
	{ echo '/* DO NOT EDIT! GENERATED AUTOMATICALLY! */'; \
	  echo '#define PREFIX "/usr/gnu"'; \
	  echo '#define EXEC_PREFIX "/usr/gnu"'; \
	  echo '#define BINDIR "/usr/gnu/bin"'; \
	  echo '#define SBINDIR "/usr/gnu/sbin"'; \
	  echo '#define LIBEXECDIR "/usr/gnu/libexec"'; \
	  echo '#define DATAROOTDIR "/usr/gnu/share"'; \
	  echo '#define DATADIR "/usr/gnu/share"'; \
	  echo '#define SYSCONFDIR "/usr/gnu/etc"'; \
	  echo '#define SHAREDSTATEDIR "/usr/gnu/com"'; \
	  echo '#define LOCALSTATEDIR "/usr/gnu/var"'; \
	  echo '#define INCLUDEDIR "/usr/gnu/include"'; \
	  echo '#define OLDINCLUDEDIR "/usr/include"'; \
	  echo '#define DOCDIR "/usr/gnu/share/doc/m4"'; \
	  echo '#define INFODIR "/usr/gnu/share/info"'; \
	  echo '#define HTMLDIR "/usr/gnu/share/doc/m4"'; \
	  echo '#define DVIDIR "/usr/gnu/share/doc/m4"'; \
	  echo '#define PDFDIR "/usr/gnu/share/doc/m4"'; \
	  echo '#define PSDIR "/usr/gnu/share/doc/m4"'; \
	  echo '#define LIBDIR "/usr/gnu/lib"'; \
	  echo '#define LISPDIR ""'; \
	  echo '#define LOCALEDIR "/usr/gnu/share/locale"'; \
	  echo '#define MANDIR "/usr/gnu/share/man"'; \
	  echo '#define MANEXT ""'; \
	  echo '#define PKGDATADIR "/usr/gnu/share/m4"'; \
	  echo '#define PKGINCLUDEDIR "/usr/gnu/include/m4"'; \
	  echo '#define PKGLIBDIR "/usr/gnu/lib/m4"'; \
	  echo '#define PKGLIBEXECDIR "/usr/gnu/libexec/m4"'; \
	} | sed '/""/d' > configmake.h-t && \
	if test -f configmake.h && cmp configmake.h-t configmake.h > /dev/null; then \
	  rm -f configmake.h-t; \
	else \
	  rm -f configmake.h; mv configmake.h-t configmake.h; \
	fi
rm -f warn-on-use.h-t warn-on-use.h && \
	sed -n -e '/^.ifndef/,$p' \
	  < ../build-aux/warn-on-use.h \
	  > warn-on-use.h-t && \
	mv warn-on-use.h-t warn-on-use.h
rm -f fcntl.h-t fcntl.h && \
	{ echo '/* DO NOT EDIT! GENERATED AUTOMATICALLY! */'; \
	  sed -e 's|@''INCLUDE_NEXT''@|include_next|g' \
	      -e 's|@''PRAGMA_SYSTEM_HEADER''@|#pragma GCC system_header|g' \
	      -e 's|@''NEXT_FCNTL_H''@|<fcntl.h>|g' \
	      -e 's|@''GNULIB_FCNTL''@|1|g' \
	      -e 's|@''GNULIB_OPEN''@|1|g' \
	      -e 's|@''GNULIB_OPENAT''@|0|g' \
	      -e 's|@''HAVE_FCNTL''@|1|g' \
	      -e 's|@''HAVE_OPENAT''@|1|g' \
	      -e 's|@''REPLACE_FCNTL''@|1|g' \
	      -e 's|@''REPLACE_OPEN''@|0|g' \
	      -e 's|@''REPLACE_OPENAT''@|0|g' \
	      -e '/definition of _GL_ARG_NONNULL/r arg-nonnull.h' \
	      -e '/definition of _GL_WARN_ON_USE/r warn-on-use.h' \
	      < ./fcntl.in.h; \
	} > fcntl.h-t && \
	mv fcntl.h-t fcntl.h
rm -f getopt.h-t getopt.h && \
	{ echo '/* DO NOT EDIT! GENERATED AUTOMATICALLY! */'; \
	  sed -e 's|@''HAVE_GETOPT_H''@|1|g' \
	      -e 's|@''INCLUDE_NEXT''@|include_next|g' \
	      -e 's|@''PRAGMA_SYSTEM_HEADER''@|#pragma GCC system_header|g' \
	      -e 's|@''NEXT_GETOPT_H''@|<getopt.h>|g' \
	      -e '/definition of _GL_ARG_NONNULL/r arg-nonnull.h' \
	      < ./getopt.in.h; \
	} > getopt.h-t && \
	mv -f getopt.h-t getopt.h
rm -f langinfo.h-t langinfo.h && \
	{ echo '/* DO NOT EDIT! GENERATED AUTOMATICALLY! */'; \
	  sed -e 's|@''HAVE_LANGINFO_H''@|1|g' \
	      -e 's|@''INCLUDE_NEXT''@|include_next|g' \
	      -e 's|@''PRAGMA_SYSTEM_HEADER''@|#pragma GCC system_header|g' \
	      -e 's|@''NEXT_LANGINFO_H''@|<langinfo.h>|g' \
	      -e 's|@''GNULIB_NL_LANGINFO''@|1|g' \
	      -e 's|@''HAVE_LANGINFO_CODESET''@|1|g' \
	      -e 's|@''HAVE_LANGINFO_ERA''@|1|g' \
	      -e 's|@''HAVE_NL_LANGINFO''@|1|g' \
	      -e 's|@''REPLACE_NL_LANGINFO''@|0|g' \
	      -e '/definition of _GL_WARN_ON_USE/r warn-on-use.h' \
	      < ./langinfo.in.h; \
	} > langinfo.h-t && \
	mv langinfo.h-t langinfo.h
rm -f math.h-t math.h && \
	{ echo '/* DO NOT EDIT! GENERATED AUTOMATICALLY! */' && \
	  sed -e 's|@''INCLUDE_NEXT_AS_FIRST_DIRECTIVE''@|include_next|g' \
	      -e 's|@''PRAGMA_SYSTEM_HEADER''@|#pragma GCC system_header|g' \
	      -e 's|@''NEXT_AS_FIRST_DIRECTIVE_MATH_H''@|<math.h>|g' \
	      -e 's|@''GNULIB_ACOSL''@|0|g' \
	      -e 's|@''GNULIB_ASINL''@|0|g' \
	      -e 's|@''GNULIB_ATANL''@|0|g' \
	      -e 's|@''GNULIB_CEILF''@|0|g' \
	      -e 's|@''GNULIB_CEILL''@|0|g' \
	      -e 's|@''GNULIB_COSL''@|0|g' \
	      -e 's|@''GNULIB_EXPL''@|0|g' \
	      -e 's|@''GNULIB_FLOORF''@|0|g' \
	      -e 's|@''GNULIB_FLOORL''@|0|g' \
	      -e 's|@''GNULIB_FREXP''@|1|g' \
	      -e 's|@''GNULIB_FREXPL''@|1|g' \
	      -e 's|@''GNULIB_ISFINITE''@|0|g' \
	      -e 's|@''GNULIB_ISINF''@|0|g' \
	      -e 's|@''GNULIB_ISNAN''@|0|g' \
	      -e 's|@''GNULIB_ISNANF''@|0|g' \
	      -e 's|@''GNULIB_ISNAND''@|0|g' \
	      -e 's|@''GNULIB_ISNANL''@|0|g' \
	      -e 's|@''GNULIB_LDEXPL''@|0|g' \
	      -e 's|@''GNULIB_LOGL''@|0|g' \
	      -e 's|@''GNULIB_ROUND''@|0|g' \
	      -e 's|@''GNULIB_ROUNDF''@|0|g' \
	      -e 's|@''GNULIB_ROUNDL''@|0|g' \
	      -e 's|@''GNULIB_SIGNBIT''@|1|g' \
	      -e 's|@''GNULIB_SINL''@|0|g' \
	      -e 's|@''GNULIB_SQRTL''@|0|g' \
	      -e 's|@''GNULIB_TANL''@|0|g' \
	      -e 's|@''GNULIB_TRUNC''@|0|g' \
	      -e 's|@''GNULIB_TRUNCF''@|0|g' \
	      -e 's|@''GNULIB_TRUNCL''@|0|g' \
	      -e 's|@''HAVE_ACOSL''@|1|g' \
	      -e 's|@''HAVE_ASINL''@|1|g' \
	      -e 's|@''HAVE_ATANL''@|1|g' \
	      -e 's|@''HAVE_COSL''@|1|g' \
	      -e 's|@''HAVE_EXPL''@|1|g' \
	      -e 's|@''HAVE_ISNANF''@|1|g' \
	      -e 's|@''HAVE_ISNAND''@|1|g' \
	      -e 's|@''HAVE_ISNANL''@|1|g' \
	      -e 's|@''HAVE_LOGL''@|1|g' \
	      -e 's|@''HAVE_SINL''@|1|g' \
	      -e 's|@''HAVE_SQRTL''@|1|g' \
	      -e 's|@''HAVE_TANL''@|1|g' \
	      -e 's|@''HAVE_DECL_ACOSL''@|1|g' \
	      -e 's|@''HAVE_DECL_ASINL''@|1|g' \
	      -e 's|@''HAVE_DECL_ATANL''@|1|g' \
	      -e 's|@''HAVE_DECL_COSL''@|1|g' \
	      -e 's|@''HAVE_DECL_EXPL''@|1|g' \
	      -e 's|@''HAVE_DECL_FREXPL''@|0|g' \
	      -e 's|@''HAVE_DECL_LDEXPL''@|1|g' \
	      -e 's|@''HAVE_DECL_LOGL''@|1|g' \
	      -e 's|@''HAVE_DECL_SINL''@|1|g' \
	      -e 's|@''HAVE_DECL_SQRTL''@|1|g' \
	      -e 's|@''HAVE_DECL_TANL''@|1|g' \
	      -e 's|@''HAVE_DECL_TRUNC''@|1|g' \
	      -e 's|@''HAVE_DECL_TRUNCF''@|1|g' \
	      -e 's|@''REPLACE_CEILF''@|0|g' \
	      -e 's|@''REPLACE_CEILL''@|0|g' \
	      -e 's|@''REPLACE_FLOORF''@|0|g' \
	      -e 's|@''REPLACE_FLOORL''@|0|g' \
	      -e 's|@''REPLACE_FREXP''@|0|g' \
	      -e 's|@''REPLACE_FREXPL''@|1|g' \
	      -e 's|@''REPLACE_HUGE_VAL''@|0|g' \
	      -e 's|@''REPLACE_ISFINITE''@|0|g' \
	      -e 's|@''REPLACE_ISINF''@|0|g' \
	      -e 's|@''REPLACE_ISNAN''@|0|g' \
	      -e 's|@''REPLACE_LDEXPL''@|0|g' \
	      -e 's|@''REPLACE_NAN''@|0|g' \
	      -e 's|@''REPLACE_ROUND''@|0|g' \
	      -e 's|@''REPLACE_ROUNDF''@|0|g' \
	      -e 's|@''REPLACE_ROUNDL''@|0|g' \
	      -e 's|@''REPLACE_SIGNBIT''@|0|g' \
	      -e 's|@''REPLACE_SIGNBIT_USING_GCC''@|1|g' \
	      -e 's|@''REPLACE_TRUNCL''@|0|g' \
	      -e '/definition of _GL_ARG_NONNULL/r arg-nonnull.h' \
	      -e '/definition of _GL_WARN_ON_USE/r warn-on-use.h' \
	      < ./math.in.h; \
	} > math.h-t && \
	mv math.h-t math.h
rm -f signal.h-t signal.h && \
	{ echo '/* DO NOT EDIT! GENERATED AUTOMATICALLY! */' && \
	  sed -e 's|@''INCLUDE_NEXT''@|include_next|g' \
	      -e 's|@''PRAGMA_SYSTEM_HEADER''@|#pragma GCC system_header|g' \
	      -e 's|@''NEXT_SIGNAL_H''@|<signal.h>|g' \
	      -e 's|@''GNULIB_SIGNAL_H_SIGPIPE''@|0|g' \
	      -e 's|@''GNULIB_SIGPROCMASK''@|1|g' \
	      -e 's|@''GNULIB_SIGACTION''@|1|g' \
	      -e 's|@''HAVE_POSIX_SIGNALBLOCKING''@|1|g' \
	      -e 's|@''HAVE_SIGSET_T''@|1|g' \
	      -e 's|@''HAVE_SIGINFO_T''@|1|g' \
	      -e 's|@''HAVE_SIGACTION''@|1|g' \
	      -e 's|@''HAVE_STRUCT_SIGACTION_SA_SIGACTION''@|1|g' \
	      -e 's|@''HAVE_TYPE_VOLATILE_SIG_ATOMIC_T''@|1|g' \
	      -e '/definition of _GL_ARG_NONNULL/r arg-nonnull.h' \
	      -e '/definition of _GL_WARN_ON_USE/r warn-on-use.h' \
	      < ./signal.in.h; \
	} > signal.h-t && \
	mv signal.h-t signal.h
rm -f spawn.h-t spawn.h && \
	{ echo '/* DO NOT EDIT! GENERATED AUTOMATICALLY! */'; \
	  sed -e 's|@''HAVE_SPAWN_H''@|1|g' \
	      -e 's|@''INCLUDE_NEXT''@|include_next|g' \
	      -e 's|@''PRAGMA_SYSTEM_HEADER''@|#pragma GCC system_header|g' \
	      -e 's|@''NEXT_SPAWN_H''@|<spawn.h>|g' \
	      -e 's|@''GNULIB_POSIX_SPAWN''@|0|g' \
	      -e 's|@''GNULIB_POSIX_SPAWNP''@|1|g' \
	      -e 's|@''GNULIB_POSIX_SPAWN_FILE_ACTIONS_INIT''@|1|g' \
	      -e 's|@''GNULIB_POSIX_SPAWN_FILE_ACTIONS_ADDCLOSE''@|1|g' \
	      -e 's|@''GNULIB_POSIX_SPAWN_FILE_ACTIONS_ADDDUP2''@|1|g' \
	      -e 's|@''GNULIB_POSIX_SPAWN_FILE_ACTIONS_ADDOPEN''@|1|g' \
	      -e 's|@''GNULIB_POSIX_SPAWN_FILE_ACTIONS_DESTROY''@|1|g' \
	      -e 's|@''GNULIB_POSIX_SPAWNATTR_INIT''@|1|g' \
	      -e 's|@''GNULIB_POSIX_SPAWNATTR_GETFLAGS''@|0|g' \
	      -e 's|@''GNULIB_POSIX_SPAWNATTR_SETFLAGS''@|1|g' \
	      -e 's|@''GNULIB_POSIX_SPAWNATTR_GETPGROUP''@|0|g' \
	      -e 's|@''GNULIB_POSIX_SPAWNATTR_SETPGROUP''@|0|g' \
	      -e 's|@''GNULIB_POSIX_SPAWNATTR_GETSCHEDPARAM''@|0|g' \
	      -e 's|@''GNULIB_POSIX_SPAWNATTR_SETSCHEDPARAM''@|0|g' \
	      -e 's|@''GNULIB_POSIX_SPAWNATTR_GETSCHEDPOLICY''@|0|g' \
	      -e 's|@''GNULIB_POSIX_SPAWNATTR_SETSCHEDPOLICY''@|0|g' \
	      -e 's|@''GNULIB_POSIX_SPAWNATTR_GETSIGDEFAULT''@|0|g' \
	      -e 's|@''GNULIB_POSIX_SPAWNATTR_SETSIGDEFAULT''@|0|g' \
	      -e 's|@''GNULIB_POSIX_SPAWNATTR_GETSIGMASK''@|0|g' \
	      -e 's|@''GNULIB_POSIX_SPAWNATTR_SETSIGMASK''@|1|g' \
	      -e 's|@''GNULIB_POSIX_SPAWNATTR_DESTROY''@|1|g' \
	      -e 's|@''HAVE_POSIX_SPAWN''@|1|g' \
	      -e 's|@''HAVE_POSIX_SPAWNATTR_T''@|1|g' \
	      -e 's|@''HAVE_POSIX_SPAWN_FILE_ACTIONS_T''@|1|g' \
	      -e 's|@''REPLACE_POSIX_SPAWN''@|0|g' \
	      -e '/definition of _GL_ARG_NONNULL/r arg-nonnull.h' \
	      -e '/definition of _GL_WARN_ON_USE/r warn-on-use.h' \
	      < ./spawn.in.h; \
	} > spawn.h-t && \
	mv spawn.h-t spawn.h
rm -f stdint.h-t stdint.h && \
	{ echo '/* DO NOT EDIT! GENERATED AUTOMATICALLY! */'; \
	  sed -e 's/@''HAVE_STDINT_H''@/1/g' \
	      -e 's|@''INCLUDE_NEXT''@|include_next|g' \
	      -e 's|@''PRAGMA_SYSTEM_HEADER''@|#pragma GCC system_header|g' \
	      -e 's|@''NEXT_STDINT_H''@|<stdint.h>|g' \
	      -e 's/@''HAVE_SYS_TYPES_H''@/1/g' \
	      -e 's/@''HAVE_INTTYPES_H''@/1/g' \
	      -e 's/@''HAVE_SYS_INTTYPES_H''@/1/g' \
	      -e 's/@''HAVE_SYS_BITYPES_H''@/0/g' \
	      -e 's/@''HAVE_LONG_LONG_INT''@/1/g' \
	      -e 's/@''HAVE_UNSIGNED_LONG_LONG_INT''@/1/g' \
	      -e 's/@''APPLE_UNIVERSAL_BUILD''@/0/g' \
	      -e 's/@''BITSIZEOF_PTRDIFF_T''@/32/g' \
	      -e 's/@''PTRDIFF_T_SUFFIX''@//g' \
	      -e 's/@''BITSIZEOF_SIG_ATOMIC_T''@/32/g' \
	      -e 's/@''HAVE_SIGNED_SIG_ATOMIC_T''@/1/g' \
	      -e 's/@''SIG_ATOMIC_T_SUFFIX''@//g' \
	      -e 's/@''BITSIZEOF_SIZE_T''@/32/g' \
	      -e 's/@''SIZE_T_SUFFIX''@/u/g' \
	      -e 's/@''BITSIZEOF_WCHAR_T''@/32/g' \
	      -e 's/@''HAVE_SIGNED_WCHAR_T''@/1/g' \
	      -e 's/@''WCHAR_T_SUFFIX''@/l/g' \
	      -e 's/@''BITSIZEOF_WINT_T''@/32/g' \
	      -e 's/@''HAVE_SIGNED_WINT_T''@/1/g' \
	      -e 's/@''WINT_T_SUFFIX''@/l/g' \
	      < ./stdint.in.h; \
	} > stdint.h-t && \
	mv stdint.h-t stdint.h
rm -f stdio.h-t stdio.h && \
	{ echo '/* DO NOT EDIT! GENERATED AUTOMATICALLY! */' && \
	  sed -e 's|@''INCLUDE_NEXT''@|include_next|g' \
	      -e 's|@''PRAGMA_SYSTEM_HEADER''@|#pragma GCC system_header|g' \
	      -e 's|@''NEXT_STDIO_H''@|<stdio.h>|g' \
	      -e 's|@''GNULIB_DPRINTF''@|0|g' \
	      -e 's|@''GNULIB_FCLOSE''@|0|g' \
	      -e 's|@''GNULIB_FFLUSH''@|1|g' \
	      -e 's|@''GNULIB_FOPEN''@|1|g' \
	      -e 's|@''GNULIB_FPRINTF''@|1|g' \
	      -e 's|@''GNULIB_FPRINTF_POSIX''@|0|g' \
	      -e 's|@''GNULIB_FPURGE''@|1|g' \
	      -e 's|@''GNULIB_FPUTC''@|1|g' \
	      -e 's|@''GNULIB_FPUTS''@|1|g' \
	      -e 's|@''GNULIB_FREOPEN''@|0|g' \
	      -e 's|@''GNULIB_FSEEK''@|0|g' \
	      -e 's|@''GNULIB_FSEEKO''@|1|g' \
	      -e 's|@''GNULIB_FTELL''@|0|g' \
	      -e 's|@''GNULIB_FTELLO''@|1|g' \
	      -e 's|@''GNULIB_FWRITE''@|1|g' \
	      -e 's|@''GNULIB_GETDELIM''@|0|g' \
	      -e 's|@''GNULIB_GETLINE''@|0|g' \
	      -e 's|@''GNULIB_OBSTACK_PRINTF''@|0|g' \
	      -e 's|@''GNULIB_OBSTACK_PRINTF_POSIX''@|0|g' \
	      -e 's|@''GNULIB_PERROR''@|0|g' \
	      -e 's|@''GNULIB_POPEN''@|0|g' \
	      -e 's|@''GNULIB_PRINTF''@|1|g' \
	      -e 's|@''GNULIB_PRINTF_POSIX''@|0|g' \
	      -e 's|@''GNULIB_PUTC''@|1|g' \
	      -e 's|@''GNULIB_PUTCHAR''@|1|g' \
	      -e 's|@''GNULIB_PUTS''@|1|g' \
	      -e 's|@''GNULIB_REMOVE''@|0|g' \
	      -e 's|@''GNULIB_RENAME''@|0|g' \
	      -e 's|@''GNULIB_RENAMEAT''@|0|g' \
	      -e 's|@''GNULIB_SNPRINTF''@|1|g' \
	      -e 's|@''GNULIB_SPRINTF_POSIX''@|0|g' \
	      -e 's|@''GNULIB_STDIO_H_SIGPIPE''@|0|g' \
	      -e 's|@''GNULIB_VASPRINTF''@|1|g' \
	      -e 's|@''GNULIB_VDPRINTF''@|0|g' \
	      -e 's|@''GNULIB_VFPRINTF''@|1|g' \
	      -e 's|@''GNULIB_VFPRINTF_POSIX''@|0|g' \
	      -e 's|@''GNULIB_VPRINTF''@|1|g' \
	      -e 's|@''GNULIB_VPRINTF_POSIX''@|0|g' \
	      -e 's|@''GNULIB_VSNPRINTF''@|0|g' \
	      -e 's|@''GNULIB_VSPRINTF_POSIX''@|0|g' \
	      < ./stdio.in.h | \
	  sed -e 's|@''HAVE_DECL_FPURGE''@|0|g' \
	      -e 's|@''HAVE_DECL_GETDELIM''@|1|g' \
	      -e 's|@''HAVE_DECL_GETLINE''@|1|g' \
	      -e 's|@''HAVE_DECL_OBSTACK_PRINTF''@|1|g' \
	      -e 's|@''HAVE_DECL_SNPRINTF''@|1|g' \
	      -e 's|@''HAVE_DECL_VSNPRINTF''@|1|g' \
	      -e 's|@''HAVE_DPRINTF''@|1|g' \
	      -e 's|@''HAVE_RENAMEAT''@|1|g' \
	      -e 's|@''HAVE_VASPRINTF''@|1|g' \
	      -e 's|@''HAVE_VDPRINTF''@|1|g' \
	      -e 's|@''REPLACE_DPRINTF''@|0|g' \
	      -e 's|@''REPLACE_FCLOSE''@|0|g' \
	      -e 's|@''REPLACE_FFLUSH''@|0|g' \
	      -e 's|@''REPLACE_FOPEN''@|0|g' \
	      -e 's|@''REPLACE_FPRINTF''@|0|g' \
	      -e 's|@''REPLACE_FPURGE''@|0|g' \
	      -e 's|@''REPLACE_FREOPEN''@|0|g' \
	      -e 's|@''REPLACE_FSEEK''@|0|g' \
	      -e 's|@''REPLACE_FSEEKO''@|0|g' \
	      -e 's|@''REPLACE_FTELL''@|0|g' \
	      -e 's|@''REPLACE_FTELLO''@|0|g' \
	      -e 's|@''REPLACE_GETDELIM''@|0|g' \
	      -e 's|@''REPLACE_GETLINE''@|0|g' \
	      -e 's|@''REPLACE_OBSTACK_PRINTF''@|0|g' \
	      -e 's|@''REPLACE_PERROR''@|0|g' \
	      -e 's|@''REPLACE_POPEN''@|0|g' \
	      -e 's|@''REPLACE_PRINTF''@|0|g' \
	      -e 's|@''REPLACE_REMOVE''@|0|g' \
	      -e 's|@''REPLACE_RENAME''@|0|g' \
	      -e 's|@''REPLACE_RENAMEAT''@|0|g' \
	      -e 's|@''REPLACE_SNPRINTF''@|0|g' \
	      -e 's|@''REPLACE_SPRINTF''@|0|g' \
	      -e 's|@''REPLACE_STDIO_WRITE_FUNCS''@|0|g' \
	      -e 's|@''REPLACE_VASPRINTF''@|1|g' \
	      -e 's|@''REPLACE_VDPRINTF''@|0|g' \
	      -e 's|@''REPLACE_VFPRINTF''@|0|g' \
	      -e 's|@''REPLACE_VPRINTF''@|0|g' \
	      -e 's|@''REPLACE_VSNPRINTF''@|0|g' \
	      -e 's|@''REPLACE_VSPRINTF''@|0|g' \
	      -e '/definition of _GL_ARG_NONNULL/r arg-nonnull.h' \
	      -e '/definition of _GL_WARN_ON_USE/r warn-on-use.h'; \
	} > stdio.h-t && \
	mv stdio.h-t stdio.h
rm -f stdlib.h-t stdlib.h && \
	{ echo '/* DO NOT EDIT! GENERATED AUTOMATICALLY! */' && \
	  sed -e 's|@''INCLUDE_NEXT''@|include_next|g' \
	      -e 's|@''PRAGMA_SYSTEM_HEADER''@|#pragma GCC system_header|g' \
	      -e 's|@''NEXT_STDLIB_H''@|<stdlib.h>|g' \
	      -e 's|@''GNULIB_ATOLL''@|0|g' \
	      -e 's|@''GNULIB_CALLOC_POSIX''@|0|g' \
	      -e 's|@''GNULIB_CANONICALIZE_FILE_NAME''@|0|g' \
	      -e 's|@''GNULIB_GETLOADAVG''@|0|g' \
	      -e 's|@''GNULIB_GETSUBOPT''@|0|g' \
	      -e 's|@''GNULIB_MALLOC_POSIX''@|1|g' \
	      -e 's|@''GNULIB_MKDTEMP''@|1|g' \
	      -e 's|@''GNULIB_MKOSTEMP''@|0|g' \
	      -e 's|@''GNULIB_MKOSTEMPS''@|0|g' \
	      -e 's|@''GNULIB_MKSTEMP''@|1|g' \
	      -e 's|@''GNULIB_MKSTEMPS''@|0|g' \
	      -e 's|@''GNULIB_PUTENV''@|1|g' \
	      -e 's|@''GNULIB_RANDOM_R''@|0|g' \
	      -e 's|@''GNULIB_REALLOC_POSIX''@|0|g' \
	      -e 's|@''GNULIB_REALPATH''@|0|g' \
	      -e 's|@''GNULIB_RPMATCH''@|0|g' \
	      -e 's|@''GNULIB_SETENV''@|1|g' \
	      -e 's|@''GNULIB_STRTOD''@|1|g' \
	      -e 's|@''GNULIB_STRTOLL''@|0|g' \
	      -e 's|@''GNULIB_STRTOULL''@|0|g' \
	      -e 's|@''GNULIB_UNSETENV''@|1|g' \
	      -e 's|@''HAVE_ATOLL''@|1|g' \
	      -e 's|@''HAVE_CALLOC_POSIX''@|1|g' \
	      -e 's|@''HAVE_CANONICALIZE_FILE_NAME''@|1|g' \
	      -e 's|@''HAVE_DECL_GETLOADAVG''@|1|g' \
	      -e 's|@''HAVE_GETSUBOPT''@|1|g' \
	      -e 's|@''HAVE_MALLOC_POSIX''@|1|g' \
	      -e 's|@''HAVE_MKDTEMP''@|1|g' \
	      -e 's|@''HAVE_MKOSTEMP''@|1|g' \
	      -e 's|@''HAVE_MKOSTEMPS''@|1|g' \
	      -e 's|@''HAVE_MKSTEMPS''@|1|g' \
	      -e 's|@''HAVE_RANDOM_H''@|0|g' \
	      -e 's|@''HAVE_RANDOM_R''@|1|g' \
	      -e 's|@''HAVE_REALLOC_POSIX''@|1|g' \
	      -e 's|@''HAVE_REALPATH''@|1|g' \
	      -e 's|@''HAVE_RPMATCH''@|1|g' \
	      -e 's|@''HAVE_SETENV''@|1|g' \
	      -e 's|@''HAVE_STRTOD''@|1|g' \
	      -e 's|@''HAVE_STRTOLL''@|1|g' \
	      -e 's|@''HAVE_STRTOULL''@|1|g' \
	      -e 's|@''HAVE_STRUCT_RANDOM_DATA''@|0|g' \
	      -e 's|@''HAVE_SYS_LOADAVG_H''@|0|g' \
	      -e 's|@''HAVE_UNSETENV''@|1|g' \
	      -e 's|@''REPLACE_CANONICALIZE_FILE_NAME''@|0|g' \
	      -e 's|@''REPLACE_MKSTEMP''@|0|g' \
	      -e 's|@''REPLACE_PUTENV''@|1|g' \
	      -e 's|@''REPLACE_REALPATH''@|0|g' \
	      -e 's|@''REPLACE_SETENV''@|0|g' \
	      -e 's|@''REPLACE_STRTOD''@|1|g' \
	      -e 's|@''REPLACE_UNSETENV''@|1|g' \
	      -e '/definition of _GL_ARG_NONNULL/r arg-nonnull.h' \
	      -e '/definition of _GL_WARN_ON_USE/r warn-on-use.h' \
	      < ./stdlib.in.h; \
	} > stdlib.h-t && \
	mv stdlib.h-t stdlib.h
rm -f string.h-t string.h && \
	{ echo '/* DO NOT EDIT! GENERATED AUTOMATICALLY! */' && \
	  sed -e 's|@''INCLUDE_NEXT''@|include_next|g' \
	      -e 's|@''PRAGMA_SYSTEM_HEADER''@|#pragma GCC system_header|g' \
	      -e 's|@''NEXT_STRING_H''@|<string.h>|g' \
	      -e 's|@''GNULIB_MBSLEN''@|0|g' \
	      -e 's|@''GNULIB_MBSNLEN''@|0|g' \
	      -e 's|@''GNULIB_MBSCHR''@|0|g' \
	      -e 's|@''GNULIB_MBSRCHR''@|0|g' \
	      -e 's|@''GNULIB_MBSSTR''@|0|g' \
	      -e 's|@''GNULIB_MBSCASECMP''@|0|g' \
	      -e 's|@''GNULIB_MBSNCASECMP''@|0|g' \
	      -e 's|@''GNULIB_MBSPCASECMP''@|0|g' \
	      -e 's|@''GNULIB_MBSCASESTR''@|0|g' \
	      -e 's|@''GNULIB_MBSCSPN''@|0|g' \
	      -e 's|@''GNULIB_MBSPBRK''@|0|g' \
	      -e 's|@''GNULIB_MBSSPN''@|0|g' \
	      -e 's|@''GNULIB_MBSSEP''@|0|g' \
	      -e 's|@''GNULIB_MBSTOK_R''@|0|g' \
	      -e 's|@''GNULIB_MEMCHR''@|1|g' \
	      -e 's|@''GNULIB_MEMMEM''@|0|g' \
	      -e 's|@''GNULIB_MEMPCPY''@|0|g' \
	      -e 's|@''GNULIB_MEMRCHR''@|0|g' \
	      -e 's|@''GNULIB_RAWMEMCHR''@|1|g' \
	      -e 's|@''GNULIB_STPCPY''@|0|g' \
	      -e 's|@''GNULIB_STPNCPY''@|0|g' \
	      -e 's|@''GNULIB_STRCHRNUL''@|1|g' \
	      -e 's|@''GNULIB_STRDUP''@|0|g' \
	      -e 's|@''GNULIB_STRNDUP''@|1|g' \
	      -e 's|@''GNULIB_STRNLEN''@|1|g' \
	      -e 's|@''GNULIB_STRPBRK''@|0|g' \
	      -e 's|@''GNULIB_STRSEP''@|0|g' \
	      -e 's|@''GNULIB_STRSTR''@|1|g' \
	      -e 's|@''GNULIB_STRCASESTR''@|0|g' \
	      -e 's|@''GNULIB_STRTOK_R''@|0|g' \
	      -e 's|@''GNULIB_STRERROR''@|1|g' \
	      -e 's|@''GNULIB_STRSIGNAL''@|1|g' \
	      -e 's|@''GNULIB_STRVERSCMP''@|0|g' \
	      < ./string.in.h | \
	  sed -e 's|@''HAVE_MBSLEN''@|0|g' \
	      -e 's|@''HAVE_DECL_MEMMEM''@|1|g' \
	      -e 's|@''HAVE_MEMPCPY''@|1|g' \
	      -e 's|@''HAVE_DECL_MEMRCHR''@|1|g' \
	      -e 's|@''HAVE_RAWMEMCHR''@|0|g' \
	      -e 's|@''HAVE_STPCPY''@|1|g' \
	      -e 's|@''HAVE_STPNCPY''@|1|g' \
	      -e 's|@''HAVE_STRCHRNUL''@|1|g' \
	      -e 's|@''HAVE_DECL_STRDUP''@|1|g' \
	      -e 's|@''HAVE_DECL_STRNDUP''@|1|g' \
	      -e 's|@''HAVE_DECL_STRNLEN''@|1|g' \
	      -e 's|@''HAVE_STRPBRK''@|1|g' \
	      -e 's|@''HAVE_STRSEP''@|1|g' \
	      -e 's|@''HAVE_STRCASESTR''@|1|g' \
	      -e 's|@''HAVE_DECL_STRTOK_R''@|1|g' \
	      -e 's|@''HAVE_DECL_STRERROR''@|1|g' \
	      -e 's|@''HAVE_DECL_STRSIGNAL''@|1|g' \
	      -e 's|@''HAVE_STRVERSCMP''@|1|g' \
	      -e 's|@''REPLACE_MEMCHR''@|0|g' \
	      -e 's|@''REPLACE_MEMMEM''@|0|g' \
	      -e 's|@''REPLACE_STRCASESTR''@|0|g' \
	      -e 's|@''REPLACE_STRDUP''@|0|g' \
	      -e 's|@''REPLACE_STRSTR''@|1|g' \
	      -e 's|@''REPLACE_STRERROR''@|0|g' \
	      -e 's|@''REPLACE_STRNDUP''@|0|g' \
	      -e 's|@''REPLACE_STRSIGNAL''@|1|g' \
	      -e 's|@''REPLACE_STRTOK_R''@|0|g' \
	      -e 's|@''UNDEFINE_STRTOK_R''@|0|g' \
	      -e '/definition of _GL_ARG_NONNULL/r arg-nonnull.h' \
	      -e '/definition of _GL_WARN_ON_USE/r warn-on-use.h'; \
	      < ./string.in.h; \
	} > string.h-t && \
	mv string.h-t string.h
/usr/gnu/bin/mkdir -p sys
rm -f sys/stat.h-t sys/stat.h && \
	{ echo '/* DO NOT EDIT! GENERATED AUTOMATICALLY! */'; \
	  sed -e 's|@''INCLUDE_NEXT''@|include_next|g' \
	      -e 's|@''PRAGMA_SYSTEM_HEADER''@|#pragma GCC system_header|g' \
	      -e 's|@''NEXT_SYS_STAT_H''@|<sys/stat.h>|g' \
	      -e 's|@''GNULIB_FCHMODAT''@|0|g' \
	      -e 's|@''GNULIB_FSTATAT''@|0|g' \
	      -e 's|@''GNULIB_FUTIMENS''@|0|g' \
	      -e 's|@''GNULIB_LCHMOD''@|0|g' \
	      -e 's|@''GNULIB_LSTAT''@|1|g' \
	      -e 's|@''GNULIB_MKDIRAT''@|0|g' \
	      -e 's|@''GNULIB_MKFIFO''@|0|g' \
	      -e 's|@''GNULIB_MKFIFOAT''@|0|g' \
	      -e 's|@''GNULIB_MKNOD''@|0|g' \
	      -e 's|@''GNULIB_MKNODAT''@|0|g' \
	      -e 's|@''GNULIB_STAT''@|1|g' \
	      -e 's|@''GNULIB_UTIMENSAT''@|0|g' \
	      -e 's|@''HAVE_FCHMODAT''@|1|g' \
	      -e 's|@''HAVE_FSTATAT''@|1|g' \
	      -e 's|@''HAVE_FUTIMENS''@|1|g' \
	      -e 's|@''HAVE_LCHMOD''@|1|g' \
	      -e 's|@''HAVE_LSTAT''@|1|g' \
	      -e 's|@''HAVE_MKDIRAT''@|1|g' \
	      -e 's|@''HAVE_MKFIFO''@|1|g' \
	      -e 's|@''HAVE_MKFIFOAT''@|1|g' \
	      -e 's|@''HAVE_MKNOD''@|1|g' \
	      -e 's|@''HAVE_MKNODAT''@|1|g' \
	      -e 's|@''HAVE_UTIMENSAT''@|1|g' \
	      -e 's|@''REPLACE_FSTAT''@|0|g' \
	      -e 's|@''REPLACE_FSTATAT''@|0|g' \
	      -e 's|@''REPLACE_FUTIMENS''@|0|g' \
	      -e 's|@''REPLACE_LSTAT''@|0|g' \
	      -e 's|@''REPLACE_MKDIR''@|0|g' \
	      -e 's|@''REPLACE_MKFIFO''@|0|g' \
	      -e 's|@''REPLACE_MKNOD''@|0|g' \
	      -e 's|@''REPLACE_STAT''@|0|g' \
	      -e 's|@''REPLACE_UTIMENSAT''@|0|g' \
	      -e '/definition of _GL_ARG_NONNULL/r arg-nonnull.h' \
	      -e '/definition of _GL_WARN_ON_USE/r warn-on-use.h' \
	      < ./sys_stat.in.h; \
	} > sys/stat.h-t && \
	mv sys/stat.h-t sys/stat.h
/usr/gnu/bin/mkdir -p sys
rm -f sys/time.h-t sys/time.h && \
	{ echo '/* DO NOT EDIT! GENERATED AUTOMATICALLY! */'; \
	  sed -e 's/@''HAVE_SYS_TIME_H''@/1/g' \
	      -e 's|@''INCLUDE_NEXT''@|include_next|g' \
	      -e 's|@''PRAGMA_SYSTEM_HEADER''@|#pragma GCC system_header|g' \
	      -e 's|@''NEXT_SYS_TIME_H''@|<sys/time.h>|g' \
	      -e 's/@''GNULIB_GETTIMEOFDAY''@/1/g' \
	      -e 's/@''HAVE_GETTIMEOFDAY''@/1/g' \
	      -e 's/@''HAVE_STRUCT_TIMEVAL''@/1/g' \
	      -e 's/@''REPLACE_GETTIMEOFDAY''@/0/g' \
	      -e '/definition of _GL_ARG_NONNULL/r arg-nonnull.h' \
	      -e '/definition of _GL_WARN_ON_USE/r warn-on-use.h' \
	      < ./sys_time.in.h; \
	} > sys/time.h-t && \
	mv sys/time.h-t sys/time.h
/usr/gnu/bin/mkdir -p sys
rm -f sys/wait.h-t sys/wait.h && \
	{ echo '/* DO NOT EDIT! GENERATED AUTOMATICALLY! */'; \
	  sed -e 's|@''INCLUDE_NEXT''@|include_next|g' \
	      -e 's|@''PRAGMA_SYSTEM_HEADER''@|#pragma GCC system_header|g' \
	      -e 's|@''NEXT_SYS_WAIT_H''@|<sys/wait.h>|g' \
	      < ./sys_wait.in.h; \
	} > sys/wait.h-t && \
	mv sys/wait.h-t sys/wait.h
rm -f time.h-t time.h && \
	{ echo '/* DO NOT EDIT! GENERATED AUTOMATICALLY! */' && \
	  sed -e 's|@''INCLUDE_NEXT''@|include_next|g' \
	      -e 's|@''PRAGMA_SYSTEM_HEADER''@|#pragma GCC system_header|g' \
	      -e 's|@NEXT_TIME_H''@|<time.h>|g' \
	      -e 's|@REPLACE_LOCALTIME_R''@|GNULIB_PORTCHECK|g' \
	      -e 's|@REPLACE_MKTIME''@|GNULIB_PORTCHECK|g' \
	      -e 's|@REPLACE_NANOSLEEP''@|GNULIB_PORTCHECK|g' \
	      -e 's|@REPLACE_STRPTIME''@|GNULIB_PORTCHECK|g' \
	      -e 's|@REPLACE_TIMEGM''@|GNULIB_PORTCHECK|g' \
	      -e 's|@SYS_TIME_H_DEFINES_STRUCT_TIMESPEC''@|0|g' \
	      -e 's|@TIME_H_DEFINES_STRUCT_TIMESPEC''@|1|g' \
	      -e '/definition of _GL_ARG_NONNULL/r arg-nonnull.h' \
	      < ./time.in.h; \
	} > time.h-t && \
	mv time.h-t time.h
rm -f unistd.h-t unistd.h && \
	{ echo '/* DO NOT EDIT! GENERATED AUTOMATICALLY! */'; \
	  sed -e 's|@''HAVE_UNISTD_H''@|1|g' \
	      -e 's|@''INCLUDE_NEXT''@|include_next|g' \
	      -e 's|@''PRAGMA_SYSTEM_HEADER''@|#pragma GCC system_header|g' \
	      -e 's|@''NEXT_UNISTD_H''@|<unistd.h>|g' \
	      -e 's|@''GNULIB_CHOWN''@|0|g' \
	      -e 's|@''GNULIB_CLOSE''@|0|g' \
	      -e 's|@''GNULIB_DUP2''@|1|g' \
	      -e 's|@''GNULIB_DUP3''@|0|g' \
	      -e 's|@''GNULIB_ENVIRON''@|1|g' \
	      -e 's|@''GNULIB_EUIDACCESS''@|0|g' \
	      -e 's|@''GNULIB_FACCESSAT''@|0|g' \
	      -e 's|@''GNULIB_FCHDIR''@|0|g' \
	      -e 's|@''GNULIB_FCHOWNAT''@|0|g' \
	      -e 's|@''GNULIB_FSYNC''@|0|g' \
	      -e 's|@''GNULIB_FTRUNCATE''@|0|g' \
	      -e 's|@''GNULIB_GETCWD''@|0|g' \
	      -e 's|@''GNULIB_GETDOMAINNAME''@|0|g' \
	      -e 's|@''GNULIB_GETDTABLESIZE''@|1|g' \
	      -e 's|@''GNULIB_GETGROUPS''@|0|g' \
	      -e 's|@''GNULIB_GETHOSTNAME''@|0|g' \
	      -e 's|@''GNULIB_GETLOGIN''@|0|g' \
	      -e 's|@''GNULIB_GETLOGIN_R''@|0|g' \
	      -e 's|@''GNULIB_GETPAGESIZE''@|1|g' \
	      -e 's|@''GNULIB_GETUSERSHELL''@|0|g' \
	      -e 's|@''GNULIB_LCHOWN''@|0|g' \
	      -e 's|@''GNULIB_LINK''@|0|g' \
	      -e 's|@''GNULIB_LINKAT''@|0|g' \
	      -e 's|@''GNULIB_LSEEK''@|1|g' \
	      -e 's|@''GNULIB_PIPE2''@|1|g' \
	      -e 's|@''GNULIB_PREAD''@|0|g' \
	      -e 's|@''GNULIB_READLINK''@|0|g' \
	      -e 's|@''GNULIB_READLINKAT''@|0|g' \
	      -e 's|@''GNULIB_RMDIR''@|1|g' \
	      -e 's|@''GNULIB_SLEEP''@|0|g' \
	      -e 's|@''GNULIB_SYMLINK''@|1|g' \
	      -e 's|@''GNULIB_SYMLINKAT''@|0|g' \
	      -e 's|@''GNULIB_UNISTD_H_GETOPT''@|1|g' \
	      -e 's|@''GNULIB_UNISTD_H_SIGPIPE''@|0|g' \
	      -e 's|@''GNULIB_UNLINK''@|0|g' \
	      -e 's|@''GNULIB_UNLINKAT''@|0|g' \
	      -e 's|@''GNULIB_USLEEP''@|0|g' \
	      -e 's|@''GNULIB_WRITE''@|0|g' \
	      < ./unistd.in.h | \
	  sed -e 's|@''HAVE_CHOWN''@|1|g' \
	      -e 's|@''HAVE_DUP2''@|1|g' \
	      -e 's|@''HAVE_DUP3''@|1|g' \
	      -e 's|@''HAVE_EUIDACCESS''@|1|g' \
	      -e 's|@''HAVE_FACCESSAT''@|1|g' \
	      -e 's|@''HAVE_FCHOWNAT''@|1|g' \
	      -e 's|@''HAVE_FSYNC''@|1|g' \
	      -e 's|@''HAVE_FTRUNCATE''@|1|g' \
	      -e 's|@''HAVE_GETDOMAINNAME''@|1|g' \
	      -e 's|@''HAVE_GETDTABLESIZE''@|1|g' \
	      -e 's|@''HAVE_GETGROUPS''@|1|g' \
	      -e 's|@''HAVE_GETHOSTNAME''@|1|g' \
	      -e 's|@''HAVE_GETLOGIN''@|1|g' \
	      -e 's|@''HAVE_GETPAGESIZE''@|1|g' \
	      -e 's|@''HAVE_GETUSERSHELL''@|1|g' \
	      -e 's|@''HAVE_LCHOWN''@|1|g' \
	      -e 's|@''HAVE_LINK''@|1|g' \
	      -e 's|@''HAVE_LINKAT''@|1|g' \
	      -e 's|@''HAVE_PIPE2''@|0|g' \
	      -e 's|@''HAVE_PREAD''@|1|g' \
	      -e 's|@''HAVE_READLINK''@|1|g' \
	      -e 's|@''HAVE_READLINKAT''@|1|g' \
	      -e 's|@''HAVE_SLEEP''@|1|g' \
	      -e 's|@''HAVE_SYMLINK''@|1|g' \
	      -e 's|@''HAVE_SYMLINKAT''@|1|g' \
	      -e 's|@''HAVE_UNLINKAT''@|1|g' \
	      -e 's|@''HAVE_USLEEP''@|1|g' \
	      -e 's|@''HAVE_DECL_ENVIRON''@|0|g' \
	      -e 's|@''HAVE_DECL_GETLOGIN_R''@|1|g' \
	      -e 's|@''HAVE_OS_H''@|0|g' \
	      -e 's|@''HAVE_SYS_PARAM_H''@|0|g' \
	      -e 's|@''REPLACE_CHOWN''@|0|g' \
	      -e 's|@''REPLACE_CLOSE''@|0|g' \
	      -e 's|@''REPLACE_DUP''@|0|g' \
	      -e 's|@''REPLACE_DUP2''@|0|g' \
	      -e 's|@''REPLACE_FCHDIR''@|0|g' \
	      -e 's|@''REPLACE_FCHOWNAT''@|0|g' \
	      -e 's|@''REPLACE_GETCWD''@|0|g' \
	      -e 's|@''REPLACE_GETGROUPS''@|0|g' \
	      -e 's|@''REPLACE_GETPAGESIZE''@|0|g' \
	      -e 's|@''REPLACE_LCHOWN''@|0|g' \
	      -e 's|@''REPLACE_LINK''@|0|g' \
	      -e 's|@''REPLACE_LINKAT''@|0|g' \
	      -e 's|@''REPLACE_LSEEK''@|0|g' \
	      -e 's|@''REPLACE_PREAD''@|0|g' \
	      -e 's|@''REPLACE_READLINK''@|0|g' \
	      -e 's|@''REPLACE_RMDIR''@|0|g' \
	      -e 's|@''REPLACE_SLEEP''@|0|g' \
	      -e 's|@''REPLACE_SYMLINK''@|0|g' \
	      -e 's|@''REPLACE_UNLINK''@|0|g' \
	      -e 's|@''REPLACE_UNLINKAT''@|0|g' \
	      -e 's|@''REPLACE_USLEEP''@|0|g' \
	      -e 's|@''REPLACE_WRITE''@|0|g' \
	      -e 's|@''UNISTD_H_HAVE_WINSOCK2_H''@|0|g' \
	      -e 's|@''UNISTD_H_HAVE_WINSOCK2_H_AND_USE_SOCKETS''@|0|g' \
	      -e '/definition of _GL_ARG_NONNULL/r arg-nonnull.h' \
	      -e '/definition of _GL_WARN_ON_USE/r warn-on-use.h'; \
	} > unistd.h-t && \
	mv unistd.h-t unistd.h
rm -f wchar.h-t wchar.h && \
	{ echo '/* DO NOT EDIT! GENERATED AUTOMATICALLY! */'; \
	  sed -e 's|@''INCLUDE_NEXT''@|include_next|g' \
	      -e 's|@''PRAGMA_SYSTEM_HEADER''@|#pragma GCC system_header|g' \
	      -e 's|@''NEXT_WCHAR_H''@|<wchar.h>|g' \
	      -e 's|@''HAVE_WCHAR_H''@|1|g' \
	      -e 's|@''GNULIB_BTOWC''@|1|g' \
	      -e 's|@''GNULIB_WCTOB''@|1|g' \
	      -e 's|@''GNULIB_MBSINIT''@|1|g' \
	      -e 's|@''GNULIB_MBRTOWC''@|1|g' \
	      -e 's|@''GNULIB_MBRLEN''@|0|g' \
	      -e 's|@''GNULIB_MBSRTOWCS''@|0|g' \
	      -e 's|@''GNULIB_MBSNRTOWCS''@|0|g' \
	      -e 's|@''GNULIB_WCRTOMB''@|1|g' \
	      -e 's|@''GNULIB_WCSRTOMBS''@|0|g' \
	      -e 's|@''GNULIB_WCSNRTOMBS''@|0|g' \
	      -e 's|@''GNULIB_WCWIDTH''@|0|g' \
	      -e 's|@''HAVE_WINT_T''@|1|g' \
	      -e 's|@''HAVE_BTOWC''@|1|g' \
	      -e 's|@''HAVE_MBSINIT''@|1|g' \
	      -e 's|@''HAVE_MBRTOWC''@|1|g' \
	      -e 's|@''HAVE_MBRLEN''@|1|g' \
	      -e 's|@''HAVE_MBSRTOWCS''@|1|g' \
	      -e 's|@''HAVE_MBSNRTOWCS''@|1|g' \
	      -e 's|@''HAVE_WCRTOMB''@|1|g' \
	      -e 's|@''HAVE_WCSRTOMBS''@|1|g' \
	      -e 's|@''HAVE_WCSNRTOMBS''@|1|g' \
	      -e 's|@''HAVE_DECL_WCTOB''@|1|g' \
	      -e 's|@''HAVE_DECL_WCWIDTH''@|1|g' \
	      -e 's|@''REPLACE_MBSTATE_T''@|0|g' \
	      -e 's|@''REPLACE_BTOWC''@|0|g' \
	      -e 's|@''REPLACE_WCTOB''@|0|g' \
	      -e 's|@''REPLACE_MBSINIT''@|0|g' \
	      -e 's|@''REPLACE_MBRTOWC''@|1|g' \
	      -e 's|@''REPLACE_MBRLEN''@|0|g' \
	      -e 's|@''REPLACE_MBSRTOWCS''@|0|g' \
	      -e 's|@''REPLACE_MBSNRTOWCS''@|0|g' \
	      -e 's|@''REPLACE_WCRTOMB''@|1|g' \
	      -e 's|@''REPLACE_WCSRTOMBS''@|0|g' \
	      -e 's|@''REPLACE_WCSNRTOMBS''@|0|g' \
	      -e 's|@''REPLACE_WCWIDTH''@|0|g' \
	      -e '/definition of _GL_ARG_NONNULL/r arg-nonnull.h' \
	      -e '/definition of _GL_WARN_ON_USE/r warn-on-use.h' \
	    < ./wchar.in.h; \
	} > wchar.h-t && \
	mv wchar.h-t wchar.h
/usr/bin/make  all-am
make[4]: Entering directory `/usr/share/src/m4-1.4.14/lib'
gcc -std=gnu99  -I.     -g -Wall -O2 -MT gl_avltree_oset.o -MD -MP -MF .deps/gl_avltree_oset.Tpo -c -o gl_avltree_oset.o gl_avltree_oset.c
mv -f .deps/gl_avltree_oset.Tpo .deps/gl_avltree_oset.Po
gcc -std=gnu99  -I.     -g -Wall -O2 -MT c-ctype.o -MD -MP -MF .deps/c-ctype.Tpo -c -o c-ctype.o c-ctype.c
mv -f .deps/c-ctype.Tpo .deps/c-ctype.Po
gcc -std=gnu99  -I.     -g -Wall -O2 -MT c-stack.o -MD -MP -MF .deps/c-stack.Tpo -c -o c-stack.o c-stack.c
mv -f .deps/c-stack.Tpo .deps/c-stack.Po
gcc -std=gnu99  -I.     -g -Wall -O2 -MT clean-temp.o -MD -MP -MF .deps/clean-temp.Tpo -c -o clean-temp.o clean-temp.c
mv -f .deps/clean-temp.Tpo .deps/clean-temp.Po
gcc -std=gnu99  -I.     -g -Wall -O2 -MT execute.o -MD -MP -MF .deps/execute.Tpo -c -o execute.o execute.c
mv -f .deps/execute.Tpo .deps/execute.Po
gcc -std=gnu99  -I.     -g -Wall -O2 -MT fatal-signal.o -MD -MP -MF .deps/fatal-signal.Tpo -c -o fatal-signal.o fatal-signal.c
mv -f .deps/fatal-signal.Tpo .deps/fatal-signal.Po
gcc -std=gnu99  -I.     -g -Wall -O2 -MT fd-safer-flag.o -MD -MP -MF .deps/fd-safer-flag.Tpo -c -o fd-safer-flag.o fd-safer-flag.c
mv -f .deps/fd-safer-flag.Tpo .deps/fd-safer-flag.Po
gcc -std=gnu99  -I.     -g -Wall -O2 -MT dup-safer-flag.o -MD -MP -MF .deps/dup-safer-flag.Tpo -c -o dup-safer-flag.o dup-safer-flag.c
mv -f .deps/dup-safer-flag.Tpo .deps/dup-safer-flag.Po
gcc -std=gnu99  -I.     -g -Wall -O2 -MT freadahead.o -MD -MP -MF .deps/freadahead.Tpo -c -o freadahead.o freadahead.c
mv -f .deps/freadahead.Tpo .deps/freadahead.Po
gcc -std=gnu99  -I.     -g -Wall -O2 -MT freading.o -MD -MP -MF .deps/freading.Tpo -c -o freading.o freading.c
mv -f .deps/freading.Tpo .deps/freading.Po
gcc -std=gnu99  -I.     -g -Wall -O2 -MT gl_linkedhash_list.o -MD -MP -MF .deps/gl_linkedhash_list.Tpo -c -o gl_linkedhash_list.o gl_linkedhash_list.c
mv -f .deps/gl_linkedhash_list.Tpo .deps/gl_linkedhash_list.Po
gcc -std=gnu99  -I.     -g -Wall -O2 -MT gl_list.o -MD -MP -MF .deps/gl_list.Tpo -c -o gl_list.o gl_list.c
mv -f .deps/gl_list.Tpo .deps/gl_list.Po
gcc -std=gnu99  -I.     -g -Wall -O2 -MT localcharset.o -MD -MP -MF .deps/localcharset.Tpo -c -o localcharset.o localcharset.c
mv -f .deps/localcharset.Tpo .deps/localcharset.Po
gcc -std=gnu99  -I.     -g -Wall -O2 -MT lock.o -MD -MP -MF .deps/lock.Tpo -c -o lock.o `test -f 'glthread/lock.c' || echo './'`glthread/lock.c
mv -f .deps/lock.Tpo .deps/lock.Po
gcc -std=gnu99  -I.     -g -Wall -O2 -MT malloca.o -MD -MP -MF .deps/malloca.Tpo -c -o malloca.o malloca.c
mv -f .deps/malloca.Tpo .deps/malloca.Po
gcc -std=gnu99  -I.     -g -Wall -O2 -MT memchr2.o -MD -MP -MF .deps/memchr2.Tpo -c -o memchr2.o memchr2.c
mv -f .deps/memchr2.Tpo .deps/memchr2.Po
gcc -std=gnu99  -I.     -g -Wall -O2 -MT gl_oset.o -MD -MP -MF .deps/gl_oset.Tpo -c -o gl_oset.o gl_oset.c
mv -f .deps/gl_oset.Tpo .deps/gl_oset.Po
gcc -std=gnu99  -I.     -g -Wall -O2 -MT pipe.o -MD -MP -MF .deps/pipe.Tpo -c -o pipe.o pipe.c
mv -f .deps/pipe.Tpo .deps/pipe.Po
gcc -std=gnu99  -I.     -g -Wall -O2 -MT pipe2.o -MD -MP -MF .deps/pipe2.Tpo -c -o pipe2.o pipe2.c
mv -f .deps/pipe2.Tpo .deps/pipe2.Po
gcc -std=gnu99  -I.     -g -Wall -O2 -MT pipe2-safer.o -MD -MP -MF .deps/pipe2-safer.Tpo -c -o pipe2-safer.o pipe2-safer.c
mv -f .deps/pipe2-safer.Tpo .deps/pipe2-safer.Po
gcc -std=gnu99  -I.     -g -Wall -O2 -MT printf-frexp.o -MD -MP -MF .deps/printf-frexp.Tpo -c -o printf-frexp.o printf-frexp.c
mv -f .deps/printf-frexp.Tpo .deps/printf-frexp.Po
gcc -std=gnu99  -I.     -g -Wall -O2 -MT printf-frexpl.o -MD -MP -MF .deps/printf-frexpl.Tpo -c -o printf-frexpl.o printf-frexpl.c
mv -f .deps/printf-frexpl.Tpo .deps/printf-frexpl.Po
gcc -std=gnu99  -I.     -g -Wall -O2 -MT progname.o -MD -MP -MF .deps/progname.Tpo -c -o progname.o progname.c
mv -f .deps/progname.Tpo .deps/progname.Po
gcc -std=gnu99  -I.     -g -Wall -O2 -MT threadlib.o -MD -MP -MF .deps/threadlib.Tpo -c -o threadlib.o `test -f 'glthread/threadlib.c' || echo './'`glthread/threadlib.c
mv -f .deps/threadlib.Tpo .deps/threadlib.Po
gcc -std=gnu99  -I.     -g -Wall -O2 -MT tls.o -MD -MP -MF .deps/tls.Tpo -c -o tls.o `test -f 'glthread/tls.c' || echo './'`glthread/tls.c
mv -f .deps/tls.Tpo .deps/tls.Po
gcc -std=gnu99  -I.     -g -Wall -O2 -MT tmpdir.o -MD -MP -MF .deps/tmpdir.Tpo -c -o tmpdir.o tmpdir.c
mv -f .deps/tmpdir.Tpo .deps/tmpdir.Po
gcc -std=gnu99  -I.     -g -Wall -O2 -MT verror.o -MD -MP -MF .deps/verror.Tpo -c -o verror.o verror.c
mv -f .deps/verror.Tpo .deps/verror.Po
gcc -std=gnu99  -I.     -g -Wall -O2 -MT version-etc.o -MD -MP -MF .deps/version-etc.Tpo -c -o version-etc.o version-etc.c
mv -f .deps/version-etc.Tpo .deps/version-etc.Po
gcc -std=gnu99  -I.     -g -Wall -O2 -MT version-etc-fsf.o -MD -MP -MF .deps/version-etc-fsf.Tpo -c -o version-etc-fsf.o version-etc-fsf.c
mv -f .deps/version-etc-fsf.Tpo .deps/version-etc-fsf.Po
gcc -std=gnu99  -I.     -g -Wall -O2 -MT wait-process.o -MD -MP -MF .deps/wait-process.Tpo -c -o wait-process.o wait-process.c
mv -f .deps/wait-process.Tpo .deps/wait-process.Po
gcc -std=gnu99  -I.     -g -Wall -O2 -MT xalloc-die.o -MD -MP -MF .deps/xalloc-die.Tpo -c -o xalloc-die.o xalloc-die.c
mv -f .deps/xalloc-die.Tpo .deps/xalloc-die.Po
gcc -std=gnu99  -I.     -g -Wall -O2 -MT gl_xlist.o -MD -MP -MF .deps/gl_xlist.Tpo -c -o gl_xlist.o gl_xlist.c
mv -f .deps/gl_xlist.Tpo .deps/gl_xlist.Po
gcc -std=gnu99  -I.     -g -Wall -O2 -MT xmalloca.o -MD -MP -MF .deps/xmalloca.Tpo -c -o xmalloca.o xmalloca.c
mv -f .deps/xmalloca.Tpo .deps/xmalloca.Po
gcc -std=gnu99  -I.     -g -Wall -O2 -MT gl_xoset.o -MD -MP -MF .deps/gl_xoset.Tpo -c -o gl_xoset.o gl_xoset.c
mv -f .deps/gl_xoset.Tpo .deps/gl_xoset.Po
gcc -std=gnu99  -I.     -g -Wall -O2 -MT xprintf.o -MD -MP -MF .deps/xprintf.Tpo -c -o xprintf.o xprintf.c
mv -f .deps/xprintf.Tpo .deps/xprintf.Po
gcc -std=gnu99  -I.     -g -Wall -O2 -MT xstrndup.o -MD -MP -MF .deps/xstrndup.Tpo -c -o xstrndup.o xstrndup.c
mv -f .deps/xstrndup.Tpo .deps/xstrndup.Po
gcc -std=gnu99  -I.     -g -Wall -O2 -MT xvasprintf.o -MD -MP -MF .deps/xvasprintf.Tpo -c -o xvasprintf.o xvasprintf.c
mv -f .deps/xvasprintf.Tpo .deps/xvasprintf.Po
gcc -std=gnu99  -I.     -g -Wall -O2 -MT xasprintf.o -MD -MP -MF .deps/xasprintf.Tpo -c -o xasprintf.o xasprintf.c
mv -f .deps/xasprintf.Tpo .deps/xasprintf.Po
gcc -std=gnu99  -I.     -g -Wall -O2 -MT asnprintf.o -MD -MP -MF .deps/asnprintf.Tpo -c -o asnprintf.o asnprintf.c
mv -f .deps/asnprintf.Tpo .deps/asnprintf.Po
gcc -std=gnu99  -I.     -g -Wall -O2 -MT asprintf.o -MD -MP -MF .deps/asprintf.Tpo -c -o asprintf.o asprintf.c
mv -f .deps/asprintf.Tpo .deps/asprintf.Po
gcc -std=gnu99  -I.     -g -Wall -O2 -MT basename.o -MD -MP -MF .deps/basename.Tpo -c -o basename.o basename.c
mv -f .deps/basename.Tpo .deps/basename.Po
gcc -std=gnu99  -I.     -g -Wall -O2 -MT basename-lgpl.o -MD -MP -MF .deps/basename-lgpl.Tpo -c -o basename-lgpl.o basename-lgpl.c
mv -f .deps/basename-lgpl.Tpo .deps/basename-lgpl.Po
gcc -std=gnu99  -I.     -g -Wall -O2 -MT cloexec.o -MD -MP -MF .deps/cloexec.Tpo -c -o cloexec.o cloexec.c
mv -f .deps/cloexec.Tpo .deps/cloexec.Po
gcc -std=gnu99  -I.     -g -Wall -O2 -MT close-stream.o -MD -MP -MF .deps/close-stream.Tpo -c -o close-stream.o close-stream.c
mv -f .deps/close-stream.Tpo .deps/close-stream.Po
gcc -std=gnu99  -I.     -g -Wall -O2 -MT closein.o -MD -MP -MF .deps/closein.Tpo -c -o closein.o closein.c
mv -f .deps/closein.Tpo .deps/closein.Po
gcc -std=gnu99  -I.     -g -Wall -O2 -MT closeout.o -MD -MP -MF .deps/closeout.Tpo -c -o closeout.o closeout.c
mv -f .deps/closeout.Tpo .deps/closeout.Po
gcc -std=gnu99  -I.     -g -Wall -O2 -MT dirname.o -MD -MP -MF .deps/dirname.Tpo -c -o dirname.o dirname.c
mv -f .deps/dirname.Tpo .deps/dirname.Po
gcc -std=gnu99  -I.     -g -Wall -O2 -MT dirname-lgpl.o -MD -MP -MF .deps/dirname-lgpl.Tpo -c -o dirname-lgpl.o dirname-lgpl.c
mv -f .deps/dirname-lgpl.Tpo .deps/dirname-lgpl.Po
gcc -std=gnu99  -I.     -g -Wall -O2 -MT dup-safer.o -MD -MP -MF .deps/dup-safer.Tpo -c -o dup-safer.o dup-safer.c
mv -f .deps/dup-safer.Tpo .deps/dup-safer.Po
gcc -std=gnu99  -I.     -g -Wall -O2 -MT error.o -MD -MP -MF .deps/error.Tpo -c -o error.o error.c
mv -f .deps/error.Tpo .deps/error.Po
gcc -std=gnu99  -I.     -g -Wall -O2 -MT exitfail.o -MD -MP -MF .deps/exitfail.Tpo -c -o exitfail.o exitfail.c
mv -f .deps/exitfail.Tpo .deps/exitfail.Po
gcc -std=gnu99  -I.     -g -Wall -O2 -MT fcntl.o -MD -MP -MF .deps/fcntl.Tpo -c -o fcntl.o fcntl.c
mv -f .deps/fcntl.Tpo .deps/fcntl.Po
gcc -std=gnu99  -I.     -g -Wall -O2 -MT fd-safer.o -MD -MP -MF .deps/fd-safer.Tpo -c -o fd-safer.o fd-safer.c
mv -f .deps/fd-safer.Tpo .deps/fd-safer.Po
gcc -std=gnu99  -I.     -g -Wall -O2 -MT filenamecat.o -MD -MP -MF .deps/filenamecat.Tpo -c -o filenamecat.o filenamecat.c
mv -f .deps/filenamecat.Tpo .deps/filenamecat.Po
gcc -std=gnu99  -I.     -g -Wall -O2 -MT filenamecat-lgpl.o -MD -MP -MF .deps/filenamecat-lgpl.Tpo -c -o filenamecat-lgpl.o filenamecat-lgpl.c
mv -f .deps/filenamecat-lgpl.Tpo .deps/filenamecat-lgpl.Po
gcc -std=gnu99  -I.     -g -Wall -O2 -MT fopen-safer.o -MD -MP -MF .deps/fopen-safer.Tpo -c -o fopen-safer.o fopen-safer.c
mv -f .deps/fopen-safer.Tpo .deps/fopen-safer.Po
gcc -std=gnu99  -I.     -g -Wall -O2 -MT fpurge.o -MD -MP -MF .deps/fpurge.Tpo -c -o fpurge.o fpurge.c
mv -f .deps/fpurge.Tpo .deps/fpurge.Po
gcc -std=gnu99  -I.     -g -Wall -O2 -MT frexpl.o -MD -MP -MF .deps/frexpl.Tpo -c -o frexpl.o frexpl.c
mv -f .deps/frexpl.Tpo .deps/frexpl.Po
gcc -std=gnu99  -I.     -g -Wall -O2 -MT getopt.o -MD -MP -MF .deps/getopt.Tpo -c -o getopt.o getopt.c
mv -f .deps/getopt.Tpo .deps/getopt.Po
gcc -std=gnu99  -I.     -g -Wall -O2 -MT getopt1.o -MD -MP -MF .deps/getopt1.Tpo -c -o getopt1.o getopt1.c
mv -f .deps/getopt1.Tpo .deps/getopt1.Po
gcc -std=gnu99  -I.     -g -Wall -O2 -MT isnanl.o -MD -MP -MF .deps/isnanl.Tpo -c -o isnanl.o isnanl.c
mv -f .deps/isnanl.Tpo .deps/isnanl.Po
gcc -std=gnu99  -I.     -g -Wall -O2 -MT mbrtowc.o -MD -MP -MF .deps/mbrtowc.Tpo -c -o mbrtowc.o mbrtowc.c
mv -f .deps/mbrtowc.Tpo .deps/mbrtowc.Po
gcc -std=gnu99  -I.     -g -Wall -O2 -MT mkstemp-safer.o -MD -MP -MF .deps/mkstemp-safer.Tpo -c -o mkstemp-safer.o mkstemp-safer.c
mv -f .deps/mkstemp-safer.Tpo .deps/mkstemp-safer.Po
gcc -std=gnu99  -I.     -g -Wall -O2 -MT obstack.o -MD -MP -MF .deps/obstack.Tpo -c -o obstack.o obstack.c
mv -f .deps/obstack.Tpo .deps/obstack.Po
gcc -std=gnu99  -I.     -g -Wall -O2 -MT pipe-safer.o -MD -MP -MF .deps/pipe-safer.Tpo -c -o pipe-safer.o pipe-safer.c
mv -f .deps/pipe-safer.Tpo .deps/pipe-safer.Po
gcc -std=gnu99  -I.     -g -Wall -O2 -MT printf-args.o -MD -MP -MF .deps/printf-args.Tpo -c -o printf-args.o printf-args.c
mv -f .deps/printf-args.Tpo .deps/printf-args.Po
gcc -std=gnu99  -I.     -g -Wall -O2 -MT printf-parse.o -MD -MP -MF .deps/printf-parse.Tpo -c -o printf-parse.o printf-parse.c
mv -f .deps/printf-parse.Tpo .deps/printf-parse.Po
gcc -std=gnu99  -I.     -g -Wall -O2 -MT quotearg.o -MD -MP -MF .deps/quotearg.Tpo -c -o quotearg.o quotearg.c
mv -f .deps/quotearg.Tpo .deps/quotearg.Po
gcc -std=gnu99  -I.     -g -Wall -O2 -MT rawmemchr.o -MD -MP -MF .deps/rawmemchr.Tpo -c -o rawmemchr.o rawmemchr.c
mv -f .deps/rawmemchr.Tpo .deps/rawmemchr.Po
gcc -std=gnu99  -I.     -g -Wall -O2 -MT regex.o -MD -MP -MF .deps/regex.Tpo -c -o regex.o regex.c
mv -f .deps/regex.Tpo .deps/regex.Po
gcc -std=gnu99  -I.     -g -Wall -O2 -MT stripslash.o -MD -MP -MF .deps/stripslash.Tpo -c -o stripslash.o stripslash.c
mv -f .deps/stripslash.Tpo .deps/stripslash.Po
gcc -std=gnu99  -I.     -g -Wall -O2 -MT strsignal.o -MD -MP -MF .deps/strsignal.Tpo -c -o strsignal.o strsignal.c
mv -f .deps/strsignal.Tpo .deps/strsignal.Po
gcc -std=gnu99  -I.     -g -Wall -O2 -MT strstr.o -MD -MP -MF .deps/strstr.Tpo -c -o strstr.o strstr.c
mv -f .deps/strstr.Tpo .deps/strstr.Po
gcc -std=gnu99  -I.     -g -Wall -O2 -MT strtod.o -MD -MP -MF .deps/strtod.Tpo -c -o strtod.o strtod.c
mv -f .deps/strtod.Tpo .deps/strtod.Po
gcc -std=gnu99  -I.     -g -Wall -O2 -MT tempname.o -MD -MP -MF .deps/tempname.Tpo -c -o tempname.o tempname.c
mv -f .deps/tempname.Tpo .deps/tempname.Po
gcc -std=gnu99  -I.     -g -Wall -O2 -MT vasnprintf.o -MD -MP -MF .deps/vasnprintf.Tpo -c -o vasnprintf.o vasnprintf.c
mv -f .deps/vasnprintf.Tpo .deps/vasnprintf.Po
gcc -std=gnu99  -I.     -g -Wall -O2 -MT vasprintf.o -MD -MP -MF .deps/vasprintf.Tpo -c -o vasprintf.o vasprintf.c
mv -f .deps/vasprintf.Tpo .deps/vasprintf.Po
gcc -std=gnu99  -I.     -g -Wall -O2 -MT wcrtomb.o -MD -MP -MF .deps/wcrtomb.Tpo -c -o wcrtomb.o wcrtomb.c
mv -f .deps/wcrtomb.Tpo .deps/wcrtomb.Po
gcc -std=gnu99  -I.     -g -Wall -O2 -MT xmalloc.o -MD -MP -MF .deps/xmalloc.Tpo -c -o xmalloc.o xmalloc.c
mv -f .deps/xmalloc.Tpo .deps/xmalloc.Po
rm -f libm4.a
ar cru libm4.a gl_avltree_oset.o c-ctype.o c-stack.o clean-temp.o execute.o fatal-signal.o fd-safer-flag.o dup-safer-flag.o freadahead.o freading.o gl_linkedhash_list.o gl_list.o localcharset.o lock.o malloca.o memchr2.o gl_oset.o pipe.o pipe2.o pipe2-safer.o printf-frexp.o printf-frexpl.o progname.o threadlib.o tls.o tmpdir.o verror.o version-etc.o version-etc-fsf.o wait-process.o xalloc-die.o gl_xlist.o xmalloca.o gl_xoset.o xprintf.o xstrndup.o xvasprintf.o xasprintf.o asnprintf.o asprintf.o basename.o basename-lgpl.o cloexec.o close-stream.o closein.o closeout.o dirname.o dirname-lgpl.o dup-safer.o error.o exitfail.o fcntl.o fd-safer.o filenamecat.o filenamecat-lgpl.o fopen-safer.o fpurge.o frexpl.o getopt.o getopt1.o isnanl.o mbrtowc.o mkstemp-safer.o obstack.o pipe-safer.o printf-args.o printf-parse.o quotearg.o rawmemchr.o regex.o stripslash.o strsignal.o strstr.o strtod.o tempname.o vasnprintf.o vasprintf.o wcrtomb.o xmalloc.o 
ranlib libm4.a
rm -f t-charset.alias charset.alias && \
	/bin/sh ./config.charset 'i386-pc-solaris2.11' > t-charset.alias && \
	mv t-charset.alias charset.alias
rm -f t-ref-add.sed ref-add.sed && \
	sed -e '/^#/d' -e 's/@''PACKAGE''@/m4/g' ref-add.sin > t-ref-add.sed && \
	mv t-ref-add.sed ref-add.sed
rm -f t-ref-del.sed ref-del.sed && \
	sed -e '/^#/d' -e 's/@''PACKAGE''@/m4/g' ref-del.sin > t-ref-del.sed && \
	mv t-ref-del.sed ref-del.sed
make[4]: Leaving directory `/usr/share/src/m4-1.4.14/lib'
make[3]: Leaving directory `/usr/share/src/m4-1.4.14/lib'
Making all in src
make[3]: Entering directory `/usr/share/src/m4-1.4.14/src'
gcc -std=gnu99    -I../lib -I../lib    -g -Wall -O2 -MT m4.o -MD -MP -MF .deps/m4.Tpo -c -o m4.o m4.c
mv -f .deps/m4.Tpo .deps/m4.Po
gcc -std=gnu99    -I../lib -I../lib    -g -Wall -O2 -MT builtin.o -MD -MP -MF .deps/builtin.Tpo -c -o builtin.o builtin.c
mv -f .deps/builtin.Tpo .deps/builtin.Po
gcc -std=gnu99    -I../lib -I../lib    -g -Wall -O2 -MT debug.o -MD -MP -MF .deps/debug.Tpo -c -o debug.o debug.c
mv -f .deps/debug.Tpo .deps/debug.Po
gcc -std=gnu99    -I../lib -I../lib    -g -Wall -O2 -MT eval.o -MD -MP -MF .deps/eval.Tpo -c -o eval.o eval.c
mv -f .deps/eval.Tpo .deps/eval.Po
gcc -std=gnu99    -I../lib -I../lib    -g -Wall -O2 -MT format.o -MD -MP -MF .deps/format.Tpo -c -o format.o format.c
mv -f .deps/format.Tpo .deps/format.Po
gcc -std=gnu99    -I../lib -I../lib    -g -Wall -O2 -MT freeze.o -MD -MP -MF .deps/freeze.Tpo -c -o freeze.o freeze.c
mv -f .deps/freeze.Tpo .deps/freeze.Po
gcc -std=gnu99    -I../lib -I../lib    -g -Wall -O2 -MT input.o -MD -MP -MF .deps/input.Tpo -c -o input.o input.c
mv -f .deps/input.Tpo .deps/input.Po
gcc -std=gnu99    -I../lib -I../lib    -g -Wall -O2 -MT macro.o -MD -MP -MF .deps/macro.Tpo -c -o macro.o macro.c
mv -f .deps/macro.Tpo .deps/macro.Po
gcc -std=gnu99    -I../lib -I../lib    -g -Wall -O2 -MT output.o -MD -MP -MF .deps/output.Tpo -c -o output.o output.c
mv -f .deps/output.Tpo .deps/output.Po
gcc -std=gnu99    -I../lib -I../lib    -g -Wall -O2 -MT path.o -MD -MP -MF .deps/path.Tpo -c -o path.o path.c
mv -f .deps/path.Tpo .deps/path.Po
gcc -std=gnu99    -I../lib -I../lib    -g -Wall -O2 -MT symtab.o -MD -MP -MF .deps/symtab.Tpo -c -o symtab.o symtab.c
mv -f .deps/symtab.Tpo .deps/symtab.Po
gcc -std=gnu99   -g -Wall -O2   -o m4 m4.o builtin.o debug.o eval.o format.o freeze.o input.o macro.o output.o path.o symtab.o ../lib/libm4.a  -lm  
/usr/gnu/bin/ld.real: BFD (GNU Binutils for ) 2.20.1-system.20100303 assertion fail ../../bfd/elflink.c:2550
/usr/gnu/bin/ld.real: BFD (GNU Binutils for ) 2.20.1-system.20100303 assertion fail ../../bfd/elflink.c:2560
make[3]: Leaving directory `/usr/share/src/m4-1.4.14/src'
Making all in doc
make[3]: Entering directory `/usr/share/src/m4-1.4.14/doc'
make[3]: Nothing to be done for `all'.
make[3]: Leaving directory `/usr/share/src/m4-1.4.14/doc'
Making all in checks
make[3]: Entering directory `/usr/share/src/m4-1.4.14/checks'
make[3]: Nothing to be done for `all'.
make[3]: Leaving directory `/usr/share/src/m4-1.4.14/checks'
Making all in tests
make[3]: Entering directory `/usr/share/src/m4-1.4.14/tests'
rm -f arg-nonnull.h-t arg-nonnull.h && \
	sed -n -e '/GL_ARG_NONNULL/,$p' \
	  < ../build-aux/arg-nonnull.h \
	  > arg-nonnull.h-t && \
	mv arg-nonnull.h-t arg-nonnull.h
rm -f test-posix_spawn1.sh-t test-posix_spawn1.sh && \
	cp ./test-posix_spawn1.in.sh test-posix_spawn1.sh-t && \
	mv test-posix_spawn1.sh-t test-posix_spawn1.sh
rm -f test-posix_spawn2.sh-t test-posix_spawn2.sh && \
	cp ./test-posix_spawn2.in.sh test-posix_spawn2.sh-t && \
	mv test-posix_spawn2.sh-t test-posix_spawn2.sh
rm -f warn-on-use.h-t warn-on-use.h && \
	sed -n -e '/^.ifndef/,$p' \
	  < ../build-aux/warn-on-use.h \
	  > warn-on-use.h-t && \
	mv warn-on-use.h-t warn-on-use.h
/usr/bin/make  all-recursive
make[4]: Entering directory `/usr/share/src/m4-1.4.14/tests'
make[5]: Entering directory `/usr/share/src/m4-1.4.14/tests'
make[5]: Nothing to be done for `all-am'.
make[5]: Leaving directory `/usr/share/src/m4-1.4.14/tests'
make[4]: Leaving directory `/usr/share/src/m4-1.4.14/tests'
make[3]: Leaving directory `/usr/share/src/m4-1.4.14/tests'
make[2]: Leaving directory `/usr/share/src/m4-1.4.14'
make[1]: Leaving directory `/usr/share/src/m4-1.4.14'
touch build
 debian/rules binary
rm -rf debian/tmp
install -d debian/tmp/DEBIAN debian/tmp/usr/share/doc/m4-doc \
		debian/tmp/usr/gnu/share/doc-base
install -m 644 debian/tmp/usr/gnu/share/doc-base
install: missing destination file operand after `debian/tmp/usr/gnu/share/doc-base'
Try `install --help' for more information.
make: *** [binary-indep] Error 1
dpkg-buildpackage: error: debian/rules binary gave error exit status 2
