dpkg-buildpackage: export CFLAGS from dpkg-buildflags (origin: vendor): -g -O2
dpkg-buildpackage: export CPPFLAGS from dpkg-buildflags (origin: vendor): 
dpkg-buildpackage: export CXXFLAGS from dpkg-buildflags (origin: vendor): -g -O2
dpkg-buildpackage: export FFLAGS from dpkg-buildflags (origin: vendor): -g -O2
dpkg-buildpackage: export LDFLAGS from dpkg-buildflags (origin: vendor): 
dpkg-buildpackage: source package zlib
dpkg-buildpackage: source version 1:1.2.3.4.dfsg-4nexenta3
dpkg-buildpackage: source changed by Nexenta Systems <maintainer@nexenta.com>
 dpkg-source --before-build zlib_1.2.3.4.dfsg
dpkg-buildpackage: host architecture solaris-i386
 debian/rules clean
dh_testdir
dh_testroot
/usr/bin/make -C contrib/minizip clean
make[1]: Entering directory `/usr/share/src/zlib/zlib_1.2.3.4.dfsg/contrib/minizip'
/bin/rm -f *.o *~ minizip miniunz
make[1]: Leaving directory `/usr/share/src/zlib/zlib_1.2.3.4.dfsg/contrib/minizip'
/usr/bin/make distclean
make[1]: Entering directory `/usr/share/src/zlib/zlib_1.2.3.4.dfsg'
rm -f *.o *.lo *~ \
	   example minigzip examplesh minigzipsh \
	   example64 minigzip64 \
	   libz.* foo.gz so_locations \
	   _match.s maketree contrib/infback9/*.o
rm -rf objs
cp -p Makefile.in Makefile
rm zlibdefs.h
touch -r configure zlibdefs.h
rm -f zlib.pc .DS_Store
make[1]: Leaving directory `/usr/share/src/zlib/zlib_1.2.3.4.dfsg'
rm -f build-stamp configure-stamp foo.gz 
rm -rf debian/64 build64-stamp configure64-stamp
rm -rf debian/32 build32-stamp configure32-stamp
rm -rf debian/n32 buildn32-stamp configuren32-stamp
mv Makefile.stash Makefile
mv: cannot stat `Makefile.stash': No such file or directory
make: [clean] Error 1 (ignored)
mv zlibdefs.h.stash zlibdefs.h
mv: cannot stat `zlibdefs.h.stash': No such file or directory
make: [clean] Error 1 (ignored)
dh_clean 
 dpkg-source -b zlib_1.2.3.4.dfsg
dpkg-source: info: using source format `3.0 (quilt)'
dpkg-source: info: building zlib using existing ./zlib_1.2.3.4.dfsg.orig.tar.gz
dpkg-source: info: building zlib in zlib_1.2.3.4.dfsg-4nexenta3.debian.tar.gz
